#
# There is insufficient memory for the Java Runtime Environment to continue.
# Native memory allocation (malloc) failed to allocate 4088 bytes. Error detail: AllocateHeap
# Possible reasons:
#   The system is out of physical RAM or swap space
#   This process is running with CompressedOops enabled, and the Java Heap may be blocking the growth of the native heap
# Possible solutions:
#   Reduce memory load on the system
#   Increase physical memory or swap space
#   Check if swap backing store is full
#   Decrease Java heap size (-Xmx/-Xms)
#   Decrease number of Java threads
#   Decrease Java thread stack sizes (-Xss)
#   Set larger code cache with -XX:ReservedCodeCacheSize=
#   JVM is running with Unscaled Compressed Oops mode in which the Java heap is
#     placed in the first 4GB address space. The Java Heap base address is the
#     maximum limit for the native heap growth. Please use -XX:HeapBaseMinAddress
#     to set the Java Heap base and to place the Java Heap above 4GB virtual address.
# This output file may be truncated or incomplete.
#
#  Out of Memory Error (allocation.cpp:44), pid=9832, tid=1056
#
# JRE version: OpenJDK Runtime Environment Temurin-21.0.8+9 (21.0.8+9) (build 21.0.8+9-LTS)
# Java VM: OpenJDK 64-Bit Server VM Temurin-21.0.8+9 (21.0.8+9-LTS, mixed mode, sharing, tiered, compressed oops, compressed class ptrs, parallel gc, windows-amd64)
# No core dump will be written. Minidumps are not enabled by default on client versions of Windows
#

---------------  S U M M A R Y ------------

Command Line: --add-modules=ALL-SYSTEM --add-opens=java.base/java.util=ALL-UNNAMED --add-opens=java.base/java.lang=ALL-UNNAMED --add-opens=java.base/sun.nio.fs=ALL-UNNAMED -Declipse.application=org.eclipse.jdt.ls.core.id1 -Dosgi.bundles.defaultStartLevel=4 -Declipse.product=org.eclipse.jdt.ls.core.product -Djava.import.generatesMetadataFilesAtProjectRoot=false -DDetectVMInstallationsJob.disabled=true -Dfile.encoding=utf8 -XX:+UseParallelGC -XX:GCTimeRatio=4 -XX:AdaptiveSizePolicyWeight=90 -Dsun.zip.disableMemoryMapping=true -Xmx2G -Xms100m -Xlog:disable -javaagent:c:\Users\Marco\.vscode\extensions\redhat.java-1.44.0-win32-x64\lombok\lombok-1.18.39-4050.jar -XX:+HeapDumpOnOutOfMemoryError -XX:HeapDumpPath=c:\Users\Marco\AppData\Roaming\Code\User\workspaceStorage\914772013bf3ee573581c20a86558418\redhat.java -Daether.dependencyCollector.impl=bf c:\Users\Marco\.vscode\extensions\redhat.java-1.44.0-win32-x64\server\plugins\org.eclipse.equinox.launcher_1.7.0.v20250519-0528.jar -configuration c:\Users\Marco\AppData\Roaming\Code\User\globalStorage\redhat.java\1.44.0\config_win -data c:\Users\Marco\AppData\Roaming\Code\User\workspaceStorage\914772013bf3ee573581c20a86558418\redhat.java\jdt_ws --pipe=\\.\pipe\lsp-3dada144f638070c89fb0e732be8c2a7-sock

Host: AMD Ryzen 5 5625U with Radeon Graphics         , 12 cores, 7G,  Windows 11 , 64 bit Build 26100 (10.0.26100.4768)
Time: Mon Aug 18 11:52:33 2025 ora legale Europa occidentale elapsed time: 69.486749 seconds (0d 0h 1m 9s)

---------------  T H R E A D  ---------------

Current thread (0x000001ee541dd230):  WorkerThread "GC Thread#5"    [id=1056, stack(0x000000c7a2800000,0x000000c7a2900000) (1024K)]

Stack: [0x000000c7a2800000,0x000000c7a2900000]
Native frames: (J=compiled Java code, j=interpreted, Vv=VM code, C=native code)
V  [jvm.dll+0x6d2449]
V  [jvm.dll+0x8ae341]
V  [jvm.dll+0x8b08be]
V  [jvm.dll+0x8b0fa3]
V  [jvm.dll+0x280c96]
V  [jvm.dll+0xc0347]
V  [jvm.dll+0x2882a3]
V  [jvm.dll+0x70f877]
V  [jvm.dll+0x70ffb9]
V  [jvm.dll+0x71259d]
V  [jvm.dll+0x712acf]
V  [jvm.dll+0x8dc2e7]
V  [jvm.dll+0x857e6b]
V  [jvm.dll+0x6d0b0d]
C  [ucrtbase.dll+0x37b0]
C  [KERNEL32.DLL+0x2e8d7]
C  [ntdll.dll+0x3c34c]


---------------  P R O C E S S  ---------------

Threads class SMR info:
_java_thread_list=0x000001ee66a88820, length=57, elements={
0x000001ee7a46cd10, 0x000001ee7a41dd90, 0x000001ee7a517960, 0x000001ee7a51a750,
0x000001ee7a51b620, 0x000001ee7a51ea60, 0x000001ee7a521c60, 0x000001ee7f18a410,
0x000001ee7a526810, 0x000001ee7a52e750, 0x000001ee7f4bab50, 0x000001ee54650a50,
0x000001ee7f4dc540, 0x000001ee54908260, 0x000001ee5416dfb0, 0x000001ee544c6e50,
0x000001ee5965ffe0, 0x000001ee543e36d0, 0x000001ee543e43f0, 0x000001ee543e57a0,
0x000001ee543e64c0, 0x000001ee543e4a80, 0x000001ee543e5110, 0x000001ee543e5e30,
0x000001ee59b70500, 0x000001ee59b6fe70, 0x000001ee59b71220, 0x000001ee59b6f150,
0x000001ee59b70b90, 0x000001ee59b718b0, 0x000001ee59b6eac0, 0x000001ee59b753c0,
0x000001ee59b732f0, 0x000001ee59b71f40, 0x000001ee59b73980, 0x000001ee59b74010,
0x000001ee59b746a0, 0x000001ee59b725d0, 0x000001ee59b74d30, 0x000001ee59b72c60,
0x000001ee59b75a50, 0x000001ee59b760e0, 0x000001ee5a9a1ea0, 0x000001ee5a9a1810,
0x000001ee5a9a38e0, 0x000001ee5a9a4600, 0x000001ee5a9a1180, 0x000001ee5a9a6d60,
0x000001ee5a9a66d0, 0x000001ee5a9a6040, 0x000001ee5a9a73f0, 0x000001ee5a9a4c90,
0x000001ee5a9a3f70, 0x000001ee5a9a8110, 0x000001ee5a9a7a80, 0x000001ee5a9a5320,
0x000001ee543e6b50
}

Java Threads: ( => current thread )
  0x000001ee7a46cd10 JavaThread "main"                              [_thread_blocked, id=6200, stack(0x000000c7a1600000,0x000000c7a1700000) (1024K)]
  0x000001ee7a41dd90 JavaThread "Reference Handler"          daemon [_thread_blocked, id=772, stack(0x000000c7a1a00000,0x000000c7a1b00000) (1024K)]
  0x000001ee7a517960 JavaThread "Finalizer"                  daemon [_thread_blocked, id=744, stack(0x000000c7a1b00000,0x000000c7a1c00000) (1024K)]
  0x000001ee7a51a750 JavaThread "Signal Dispatcher"          daemon [_thread_blocked, id=11280, stack(0x000000c7a1c00000,0x000000c7a1d00000) (1024K)]
  0x000001ee7a51b620 JavaThread "Attach Listener"            daemon [_thread_blocked, id=15608, stack(0x000000c7a1d00000,0x000000c7a1e00000) (1024K)]
  0x000001ee7a51ea60 JavaThread "Service Thread"             daemon [_thread_blocked, id=6452, stack(0x000000c7a1e00000,0x000000c7a1f00000) (1024K)]
  0x000001ee7a521c60 JavaThread "Monitor Deflation Thread"   daemon [_thread_blocked, id=12908, stack(0x000000c7a1f00000,0x000000c7a2000000) (1024K)]
  0x000001ee7f18a410 JavaThread "C2 CompilerThread0"         daemon [_thread_blocked, id=3272, stack(0x000000c7a2000000,0x000000c7a2100000) (1024K)]
  0x000001ee7a526810 JavaThread "C1 CompilerThread0"         daemon [_thread_blocked, id=19788, stack(0x000000c7a2100000,0x000000c7a2200000) (1024K)]
  0x000001ee7a52e750 JavaThread "Common-Cleaner"             daemon [_thread_blocked, id=7480, stack(0x000000c7a2200000,0x000000c7a2300000) (1024K)]
  0x000001ee7f4bab50 JavaThread "Notification Thread"        daemon [_thread_blocked, id=6468, stack(0x000000c7a2300000,0x000000c7a2400000) (1024K)]
  0x000001ee54650a50 JavaThread "Active Thread: Equinox Container: fefa00a9-3ffc-43d4-b76f-412414fbbdea"        [_thread_blocked, id=15452, stack(0x000000c7a2a00000,0x000000c7a2b00000) (1024K)]
  0x000001ee7f4dc540 JavaThread "Refresh Thread: Equinox Container: fefa00a9-3ffc-43d4-b76f-412414fbbdea" daemon [_thread_blocked, id=15964, stack(0x000000c7a2c00000,0x000000c7a2d00000) (1024K)]
  0x000001ee54908260 JavaThread "Framework Event Dispatcher: Equinox Container: fefa00a9-3ffc-43d4-b76f-412414fbbdea" daemon [_thread_blocked, id=19872, stack(0x000000c7a2d00000,0x000000c7a2e00000) (1024K)]
  0x000001ee5416dfb0 JavaThread "Start Level: Equinox Container: fefa00a9-3ffc-43d4-b76f-412414fbbdea" daemon [_thread_blocked, id=9128, stack(0x000000c7a2e00000,0x000000c7a2f00000) (1024K)]
  0x000001ee544c6e50 JavaThread "Bundle File Closer"         daemon [_thread_blocked, id=2160, stack(0x000000c7a3100000,0x000000c7a3200000) (1024K)]
  0x000001ee5965ffe0 JavaThread "SCR Component Actor"        daemon [_thread_blocked, id=2244, stack(0x000000c7a3200000,0x000000c7a3300000) (1024K)]
  0x000001ee543e36d0 JavaThread "Worker-JM"                         [_thread_blocked, id=4268, stack(0x000000c7a3400000,0x000000c7a3500000) (1024K)]
  0x000001ee543e43f0 JavaThread "JNA Cleaner"                daemon [_thread_blocked, id=19792, stack(0x000000c7a3500000,0x000000c7a3600000) (1024K)]
  0x000001ee543e57a0 JavaThread "Worker-0"                          [_thread_blocked, id=3776, stack(0x000000c7a3600000,0x000000c7a3700000) (1024K)]
  0x000001ee543e64c0 JavaThread "Worker-1: Java indexing... "        [_thread_blocked, id=9580, stack(0x000000c7a3700000,0x000000c7a3800000) (1024K)]
  0x000001ee543e4a80 JavaThread "Worker-2"                          [_thread_blocked, id=11712, stack(0x000000c7a3800000,0x000000c7a3900000) (1024K)]
  0x000001ee543e5110 JavaThread "Java indexing"              daemon [_thread_blocked, id=7044, stack(0x000000c7a3900000,0x000000c7a3a00000) (1024K)]
  0x000001ee543e5e30 JavaThread "Worker-3"                          [_thread_blocked, id=7316, stack(0x000000c7a3c00000,0x000000c7a3d00000) (1024K)]
  0x000001ee59b70500 JavaThread "Worker-4"                          [_thread_blocked, id=2232, stack(0x000000c7a3d00000,0x000000c7a3e00000) (1024K)]
  0x000001ee59b6fe70 JavaThread "Thread-2"                   daemon [_thread_in_native, id=13924, stack(0x000000c7a3e00000,0x000000c7a3f00000) (1024K)]
  0x000001ee59b71220 JavaThread "Thread-3"                   daemon [_thread_in_native, id=14480, stack(0x000000c7a3f00000,0x000000c7a4000000) (1024K)]
  0x000001ee59b6f150 JavaThread "Thread-4"                   daemon [_thread_in_native, id=18556, stack(0x000000c7a4000000,0x000000c7a4100000) (1024K)]
  0x000001ee59b70b90 JavaThread "Thread-5"                   daemon [_thread_in_native, id=17016, stack(0x000000c7a4100000,0x000000c7a4200000) (1024K)]
  0x000001ee59b718b0 JavaThread "Thread-6"                   daemon [_thread_in_native, id=2736, stack(0x000000c7a4200000,0x000000c7a4300000) (1024K)]
  0x000001ee59b6eac0 JavaThread "Thread-7"                   daemon [_thread_in_native, id=3876, stack(0x000000c7a4300000,0x000000c7a4400000) (1024K)]
  0x000001ee59b753c0 JavaThread "Thread-8"                   daemon [_thread_in_native, id=10840, stack(0x000000c7a4400000,0x000000c7a4500000) (1024K)]
  0x000001ee59b732f0 JavaThread "Thread-9"                   daemon [_thread_in_native, id=19932, stack(0x000000c7a4500000,0x000000c7a4600000) (1024K)]
  0x000001ee59b71f40 JavaThread "Thread-10"                  daemon [_thread_in_native, id=10988, stack(0x000000c7a4600000,0x000000c7a4700000) (1024K)]
  0x000001ee59b73980 JavaThread "Thread-11"                  daemon [_thread_in_native, id=18156, stack(0x000000c7a4700000,0x000000c7a4800000) (1024K)]
  0x000001ee59b74010 JavaThread "Thread-12"                  daemon [_thread_in_native, id=17656, stack(0x000000c7a4800000,0x000000c7a4900000) (1024K)]
  0x000001ee59b746a0 JavaThread "Thread-13"                  daemon [_thread_in_native, id=16852, stack(0x000000c7a4900000,0x000000c7a4a00000) (1024K)]
  0x000001ee59b725d0 JavaThread "Thread-14"                  daemon [_thread_in_native, id=9668, stack(0x000000c7a4a00000,0x000000c7a4b00000) (1024K)]
  0x000001ee59b74d30 JavaThread "Worker-5"                          [_thread_blocked, id=16992, stack(0x000000c7a4b00000,0x000000c7a4c00000) (1024K)]
  0x000001ee59b72c60 JavaThread "Worker-6"                          [_thread_blocked, id=18416, stack(0x000000c7a4c00000,0x000000c7a4d00000) (1024K)]
  0x000001ee59b75a50 JavaThread "pool-2-thread-1"                   [_thread_blocked, id=13576, stack(0x000000c7a4d00000,0x000000c7a4e00000) (1024K)]
  0x000001ee59b760e0 JavaThread "WorkspaceEventsHandler"            [_thread_blocked, id=16460, stack(0x000000c7a4e00000,0x000000c7a4f00000) (1024K)]
  0x000001ee5a9a1ea0 JavaThread "pool-1-thread-1"                   [_thread_blocked, id=8260, stack(0x000000c7a4f00000,0x000000c7a5000000) (1024K)]
  0x000001ee5a9a1810 JavaThread "Timer-0"                           [_thread_blocked, id=10080, stack(0x000000c7a5000000,0x000000c7a5100000) (1024K)]
  0x000001ee5a9a38e0 JavaThread "Exec process"                      [_thread_blocked, id=2800, stack(0x000000c7a3300000,0x000000c7a3400000) (1024K)]
  0x000001ee5a9a4600 JavaThread "Exec process Thread 2"             [_thread_blocked, id=3040, stack(0x000000c7a5200000,0x000000c7a5300000) (1024K)]
  0x000001ee5a9a1180 JavaThread "Exec process Thread 3"             [_thread_blocked, id=19796, stack(0x000000c7a5300000,0x000000c7a5400000) (1024K)]
  0x000001ee5a9a6d60 JavaThread "Timer-1"                           [_thread_blocked, id=13104, stack(0x000000c7a5100000,0x000000c7a5200000) (1024K)]
  0x000001ee5a9a66d0 JavaThread "Timer-2"                           [_thread_blocked, id=19284, stack(0x000000c7a5400000,0x000000c7a5500000) (1024K)]
  0x000001ee5a9a6040 JavaThread "Timer-3"                           [_thread_blocked, id=18864, stack(0x000000c7a5500000,0x000000c7a5600000) (1024K)]
  0x000001ee5a9a73f0 JavaThread "Timer-4"                           [_thread_blocked, id=4956, stack(0x000000c7a5600000,0x000000c7a5700000) (1024K)]
  0x000001ee5a9a4c90 JavaThread "Timer-5"                           [_thread_blocked, id=16352, stack(0x000000c7a5700000,0x000000c7a5800000) (1024K)]
  0x000001ee5a9a3f70 JavaThread "Timer-6"                           [_thread_blocked, id=8948, stack(0x000000c7a5800000,0x000000c7a5900000) (1024K)]
  0x000001ee5a9a8110 JavaThread "ForkJoinPool.commonPool-worker-1" daemon [_thread_blocked, id=1028, stack(0x000000c7a5c00000,0x000000c7a5d00000) (1024K)]
  0x000001ee5a9a7a80 JavaThread "ForkJoinPool.commonPool-worker-2" daemon [_thread_blocked, id=19740, stack(0x000000c7a5d00000,0x000000c7a5e00000) (1024K)]
  0x000001ee5a9a5320 JavaThread "ForkJoinPool.commonPool-worker-3" daemon [_thread_blocked, id=2612, stack(0x000000c7a5e00000,0x000000c7a5f00000) (1024K)]
  0x000001ee543e6b50 JavaThread "ForkJoinPool.commonPool-worker-4" daemon [_thread_blocked, id=11632, stack(0x000000c7a5f00000,0x000000c7a6000000) (1024K)]
Total: 57

Other Threads:
  0x000001ee7a402c70 VMThread "VM Thread"                           [id=14596, stack(0x000000c7a1900000,0x000000c7a1a00000) (1024K)]
  0x000001ee7a2fca00 WatcherThread "VM Periodic Task Thread"        [id=4856, stack(0x000000c7a1800000,0x000000c7a1900000) (1024K)]
  0x000001ee7a48af70 WorkerThread "GC Thread#0"                     [id=15028, stack(0x000000c7a1700000,0x000000c7a1800000) (1024K)]
  0x000001ee541e0e00 WorkerThread "GC Thread#1"                     [id=2400, stack(0x000000c7a2400000,0x000000c7a2500000) (1024K)]
  0x000001ee54248750 WorkerThread "GC Thread#2"                     [id=3484, stack(0x000000c7a2500000,0x000000c7a2600000) (1024K)]
  0x000001ee541e11a0 WorkerThread "GC Thread#3"                     [id=3056, stack(0x000000c7a2600000,0x000000c7a2700000) (1024K)]
  0x000001ee541e1540 WorkerThread "GC Thread#4"                     [id=12504, stack(0x000000c7a2700000,0x000000c7a2800000) (1024K)]
=>0x000001ee541dd230 WorkerThread "GC Thread#5"                     [id=1056, stack(0x000000c7a2800000,0x000000c7a2900000) (1024K)]
  0x000001ee541dd5d0 WorkerThread "GC Thread#6"                     [id=2308, stack(0x000000c7a2900000,0x000000c7a2a00000) (1024K)]
  0x000001ee7f4db9e0 WorkerThread "GC Thread#7"                     [id=3884, stack(0x000000c7a2b00000,0x000000c7a2c00000) (1024K)]
  0x000001ee544c8520 WorkerThread "GC Thread#8"                     [id=12316, stack(0x000000c7a2f00000,0x000000c7a3000000) (1024K)]
  0x000001ee5901a170 WorkerThread "GC Thread#9"                     [id=4324, stack(0x000000c7a3000000,0x000000c7a3100000) (1024K)]
Total: 12

Threads with active compile tasks:
C2 CompilerThread0  70518 12110       4       org.eclipse.jdt.internal.core.index.EntryResult::<init> (26 bytes)
C1 CompilerThread0  70518 12111 %     3       org.eclipse.jdt.internal.core.index.DiskIndex::addQueryResults @ 97 (739 bytes)
Total: 2

VM state: at safepoint (normal execution)

VM Mutex/Monitor currently owned by a thread:  ([mutex/lock_event])
[0x00007ffe19225458] Threads_lock - owner thread: 0x000001ee7a402c70
[0x00007ffe19225558] Heap_lock - owner thread: 0x000001ee543e5110
[0x00007ffe192259d8] PSOldGenExpand_lock - owner thread: 0x000001ee541e0e00

Heap address: 0x0000000080000000, size: 2048 MB, Compressed Oops mode: 32-bit

CDS archive(s) mapped at: [0x000001ee13000000-0x000001ee13ba0000-0x000001ee13ba0000), size 12189696, SharedBaseAddress: 0x000001ee13000000, ArchiveRelocationMode: 1.
Compressed class space mapped at: 0x000001ee14000000-0x000001ee54000000, reserved size: 1073741824
Narrow klass base: 0x000001ee13000000, Narrow klass shift: 0, Narrow klass range: 0x100000000

GC Precious Log:
 CardTable entry size: 512
 CPUs: 12 total, 12 available
 Memory: 7520M
 Large Page Support: Disabled
 NUMA Support: Disabled
 Compressed Oops: Enabled (32-bit)
 Alignments: Space 512K, Generation 512K, Heap 2M
 Heap Min Capacity: 100M
 Heap Initial Capacity: 100M
 Heap Max Capacity: 2G
 Pre-touch: Disabled
 Parallel Workers: 10

Heap:
 PSYoungGen      total 5120K, used 4689K [0x00000000d5580000, 0x00000000d5d00000, 0x0000000100000000)
  eden space 2560K, 100% used [0x00000000d5580000,0x00000000d5800000,0x00000000d5800000)
  from space 2560K, 83% used [0x00000000d5a80000,0x00000000d5c94630,0x00000000d5d00000)
  to   space 2560K, 23% used [0x00000000d5800000,0x00000000d5895fd0,0x00000000d5a80000)
 ParOldGen       total 606208K, used 606202K [0x0000000080000000, 0x00000000a5000000, 0x00000000d5580000)
  object space 606208K, 99% used [0x0000000080000000,0x00000000a4ffe828,0x00000000a5000000)
 Metaspace       used 78694K, committed 80320K, reserved 1179648K
  class space    used 9375K, committed 10112K, reserved 1048576K

Card table byte_map: [0x000001ee79e10000,0x000001ee7a220000] _byte_map_base: 0x000001ee79a10000

Marking Bits: (ParMarkBitMap*) 0x00007ffe1922a340
 Begin Bits: [0x000001ee0f000000, 0x000001ee11000000)
 End Bits:   [0x000001ee11000000, 0x000001ee13000000)

Polling page: 0x000001ee78270000

Metaspace:

Usage:
  Non-class:     67.69 MB used.
      Class:      9.16 MB used.
       Both:     76.85 MB used.

Virtual space:
  Non-class space:      128.00 MB reserved,      68.56 MB ( 54%) committed,  2 nodes.
      Class space:        1.00 GB reserved,       9.88 MB ( <1%) committed,  1 nodes.
             Both:        1.12 GB reserved,      78.44 MB (  7%) committed. 

Chunk freelists:
   Non-Class:  11.17 MB
       Class:  6.19 MB
        Both:  17.36 MB

MaxMetaspaceSize: unlimited
CompressedClassSpaceSize: 1.00 GB
Initial GC threshold: 21.00 MB
Current GC threshold: 97.31 MB
CDS: on
 - commit_granule_bytes: 65536.
 - commit_granule_words: 8192.
 - virtual_space_node_default_size: 8388608.
 - enlarge_chunks_in_place: 1.
 - use_allocation_guard: 0.


Internal statistics:

num_allocs_failed_limit: 9.
num_arena_births: 1370.
num_arena_deaths: 14.
num_vsnodes_births: 3.
num_vsnodes_deaths: 0.
num_space_committed: 1255.
num_space_uncommitted: 0.
num_chunks_returned_to_freelist: 23.
num_chunks_taken_from_freelist: 4902.
num_chunk_merges: 13.
num_chunk_splits: 3155.
num_chunks_enlarged: 1941.
num_inconsistent_stats: 0.

CodeHeap 'non-profiled nmethods': size=120000Kb used=7168Kb max_used=7168Kb free=112832Kb
 bounds [0x000001ee07ad0000, 0x000001ee081d0000, 0x000001ee0f000000]
CodeHeap 'profiled nmethods': size=120000Kb used=23980Kb max_used=23980Kb free=96019Kb
 bounds [0x000001ee00000000, 0x000001ee01770000, 0x000001ee07530000]
CodeHeap 'non-nmethods': size=5760Kb used=1457Kb max_used=1525Kb free=4302Kb
 bounds [0x000001ee07530000, 0x000001ee077a0000, 0x000001ee07ad0000]
CodeCache: size=245760Kb, used=32605Kb, max_used=32673Kb, free=213153Kb
 total_blobs=12010, nmethods=11231, adapters=684, full_count=0
Compilation: enabled, stopped_count=0, restarted_count=0

Compilation events (20 events):
Event: 62.401 Thread 0x000001ee7a526810 12101       3       org.eclipse.jdt.internal.core.index.DiskIndex::readStreamDocumentArray (267 bytes)
Event: 62.402 Thread 0x000001ee7a526810 nmethod 12101 0x000001ee01766990 code [0x000001ee01766bc0, 0x000001ee017675b8]
Event: 62.402 Thread 0x000001ee7a526810 12100       3       org.eclipse.jdt.internal.core.index.DiskIndex::readStreamInt (117 bytes)
Event: 62.402 Thread 0x000001ee7a526810 nmethod 12100 0x000001ee01767990 code [0x000001ee01767b40, 0x000001ee01767d98]
Event: 62.404 Thread 0x000001ee7f18a410 12102       4       org.eclipse.jdt.internal.core.index.DiskIndex::readStreamDocumentArray (267 bytes)
Event: 62.411 Thread 0x000001ee7f18a410 nmethod 12102 0x000001ee081cd490 code [0x000001ee081cd640, 0x000001ee081cdb40]
Event: 62.411 Thread 0x000001ee7f18a410 12103       4       org.eclipse.jdt.internal.core.index.DiskIndex::readStreamInt (117 bytes)
Event: 62.411 Thread 0x000001ee7f18a410 nmethod 12103 0x000001ee081cdd90 code [0x000001ee081cdf20, 0x000001ee081ce080]
Event: 62.412 Thread 0x000001ee7a526810 12104       3       org.eclipse.jdt.internal.core.index.DiskIndex::readStreamChars (529 bytes)
Event: 62.412 Thread 0x000001ee7a526810 nmethod 12104 0x000001ee01767f10 code [0x000001ee017681a0, 0x000001ee01769060]
Event: 62.413 Thread 0x000001ee7f18a410 12105       4       org.eclipse.jdt.internal.core.index.DiskIndex::readStreamChars (529 bytes)
Event: 63.424 Thread 0x000001ee7a526810 12107       3       org.eclipse.jdt.internal.core.index.DiskIndex::addQueryResult (173 bytes)
Event: 63.424 Thread 0x000001ee7f18a410 nmethod 12105 0x000001ee081ce590 code [0x000001ee081ce780, 0x000001ee081ceed8]
Event: 63.425 Thread 0x000001ee7a526810 nmethod 12107 0x000001ee01769610 code [0x000001ee017698e0, 0x000001ee0176a520]
Event: 63.425 Thread 0x000001ee7a526810 12108       3       org.eclipse.jdt.internal.core.index.EntryResult::<init> (26 bytes)
Event: 63.425 Thread 0x000001ee7a526810 nmethod 12108 0x000001ee0176ab10 code [0x000001ee0176acc0, 0x000001ee0176b068]
Event: 63.425 Thread 0x000001ee7f18a410 12109       4       org.eclipse.jdt.internal.core.index.DiskIndex::addQueryResult (173 bytes)
Event: 63.429 Thread 0x000001ee7a526810 12111 %     3       org.eclipse.jdt.internal.core.index.DiskIndex::addQueryResults @ 97 (739 bytes)
Event: 63.430 Thread 0x000001ee7f18a410 nmethod 12109 0x000001ee081cf290 code [0x000001ee081cf4a0, 0x000001ee081cfba0]
Event: 63.430 Thread 0x000001ee7f18a410 12110       4       org.eclipse.jdt.internal.core.index.EntryResult::<init> (26 bytes)

GC Heap History (20 events):
Event: 58.383 GC heap after
{Heap after GC invocations=790 (full 3):
 PSYoungGen      total 2048K, used 512K [0x00000000d5580000, 0x00000000d5800000, 0x0000000100000000)
  eden space 1536K, 0% used [0x00000000d5580000,0x00000000d5580000,0x00000000d5700000)
  from space 512K, 100% used [0x00000000d5700000,0x00000000d5780000,0x00000000d5780000)
  to   space 512K, 0% used [0x00000000d5780000,0x00000000d5780000,0x00000000d5800000)
 ParOldGen       total 598528K, used 598336K [0x0000000080000000, 0x00000000a4880000, 0x00000000d5580000)
  object space 598528K, 99% used [0x0000000080000000,0x00000000a4850360,0x00000000a4880000)
 Metaspace       used 78673K, committed 80256K, reserved 1179648K
  class space    used 9374K, committed 10112K, reserved 1048576K
}
Event: 58.385 GC heap before
{Heap before GC invocations=791 (full 3):
 PSYoungGen      total 2048K, used 2048K [0x00000000d5580000, 0x00000000d5800000, 0x0000000100000000)
  eden space 1536K, 100% used [0x00000000d5580000,0x00000000d5700000,0x00000000d5700000)
  from space 512K, 100% used [0x00000000d5700000,0x00000000d5780000,0x00000000d5780000)
  to   space 512K, 0% used [0x00000000d5780000,0x00000000d5780000,0x00000000d5800000)
 ParOldGen       total 598528K, used 598336K [0x0000000080000000, 0x00000000a4880000, 0x00000000d5580000)
  object space 598528K, 99% used [0x0000000080000000,0x00000000a4850360,0x00000000a4880000)
 Metaspace       used 78673K, committed 80256K, reserved 1179648K
  class space    used 9374K, committed 10112K, reserved 1048576K
}
Event: 60.391 GC heap after
{Heap after GC invocations=791 (full 3):
 PSYoungGen      total 2048K, used 512K [0x00000000d5580000, 0x00000000d5800000, 0x0000000100000000)
  eden space 1536K, 0% used [0x00000000d5580000,0x00000000d5580000,0x00000000d5700000)
  from space 512K, 100% used [0x00000000d5780000,0x00000000d5800000,0x00000000d5800000)
  to   space 512K, 0% used [0x00000000d5700000,0x00000000d5700000,0x00000000d5780000)
 ParOldGen       total 599040K, used 598888K [0x0000000080000000, 0x00000000a4900000, 0x00000000d5580000)
  object space 599040K, 99% used [0x0000000080000000,0x00000000a48da360,0x00000000a4900000)
 Metaspace       used 78673K, committed 80256K, reserved 1179648K
  class space    used 9374K, committed 10112K, reserved 1048576K
}
Event: 60.393 GC heap before
{Heap before GC invocations=792 (full 3):
 PSYoungGen      total 2048K, used 2048K [0x00000000d5580000, 0x00000000d5800000, 0x0000000100000000)
  eden space 1536K, 100% used [0x00000000d5580000,0x00000000d5700000,0x00000000d5700000)
  from space 512K, 100% used [0x00000000d5780000,0x00000000d5800000,0x00000000d5800000)
  to   space 512K, 0% used [0x00000000d5700000,0x00000000d5700000,0x00000000d5780000)
 ParOldGen       total 599040K, used 598888K [0x0000000080000000, 0x00000000a4900000, 0x00000000d5580000)
  object space 599040K, 99% used [0x0000000080000000,0x00000000a48da360,0x00000000a4900000)
 Metaspace       used 78673K, committed 80256K, reserved 1179648K
  class space    used 9374K, committed 10112K, reserved 1048576K
}
Event: 62.396 GC heap after
{Heap after GC invocations=792 (full 3):
 PSYoungGen      total 2048K, used 512K [0x00000000d5580000, 0x00000000d5800000, 0x0000000100000000)
  eden space 1536K, 0% used [0x00000000d5580000,0x00000000d5580000,0x00000000d5700000)
  from space 512K, 100% used [0x00000000d5700000,0x00000000d5780000,0x00000000d5780000)
  to   space 512K, 0% used [0x00000000d5780000,0x00000000d5780000,0x00000000d5800000)
 ParOldGen       total 599552K, used 599432K [0x0000000080000000, 0x00000000a4980000, 0x00000000d5580000)
  object space 599552K, 99% used [0x0000000080000000,0x00000000a4962360,0x00000000a4980000)
 Metaspace       used 78673K, committed 80256K, reserved 1179648K
  class space    used 9374K, committed 10112K, reserved 1048576K
}
Event: 62.398 GC heap before
{Heap before GC invocations=793 (full 3):
 PSYoungGen      total 2048K, used 1927K [0x00000000d5580000, 0x00000000d5800000, 0x0000000100000000)
  eden space 1536K, 92% used [0x00000000d5580000,0x00000000d56e1e38,0x00000000d5700000)
  from space 512K, 100% used [0x00000000d5700000,0x00000000d5780000,0x00000000d5780000)
  to   space 512K, 0% used [0x00000000d5780000,0x00000000d5780000,0x00000000d5800000)
 ParOldGen       total 599552K, used 599432K [0x0000000080000000, 0x00000000a4980000, 0x00000000d5580000)
  object space 599552K, 99% used [0x0000000080000000,0x00000000a4962360,0x00000000a4980000)
 Metaspace       used 78675K, committed 80256K, reserved 1179648K
  class space    used 9375K, committed 10112K, reserved 1048576K
}
Event: 62.400 GC heap after
{Heap after GC invocations=793 (full 3):
 PSYoungGen      total 1024K, used 512K [0x00000000d5580000, 0x00000000d5a80000, 0x0000000100000000)
  eden space 512K, 0% used [0x00000000d5580000,0x00000000d5580000,0x00000000d5600000)
  from space 512K, 100% used [0x00000000d5780000,0x00000000d5800000,0x00000000d5800000)
  to   space 1536K, 0% used [0x00000000d5600000,0x00000000d5600000,0x00000000d5780000)
 ParOldGen       total 600064K, used 599928K [0x0000000080000000, 0x00000000a4a00000, 0x00000000d5580000)
  object space 600064K, 99% used [0x0000000080000000,0x00000000a49de360,0x00000000a4a00000)
 Metaspace       used 78675K, committed 80256K, reserved 1179648K
  class space    used 9375K, committed 10112K, reserved 1048576K
}
Event: 62.400 GC heap before
{Heap before GC invocations=794 (full 3):
 PSYoungGen      total 1024K, used 1024K [0x00000000d5580000, 0x00000000d5a80000, 0x0000000100000000)
  eden space 512K, 100% used [0x00000000d5580000,0x00000000d5600000,0x00000000d5600000)
  from space 512K, 100% used [0x00000000d5780000,0x00000000d5800000,0x00000000d5800000)
  to   space 1536K, 0% used [0x00000000d5600000,0x00000000d5600000,0x00000000d5780000)
 ParOldGen       total 600064K, used 599928K [0x0000000080000000, 0x00000000a4a00000, 0x00000000d5580000)
  object space 600064K, 99% used [0x0000000080000000,0x00000000a49de360,0x00000000a4a00000)
 Metaspace       used 78676K, committed 80256K, reserved 1179648K
  class space    used 9375K, committed 10112K, reserved 1048576K
}
Event: 62.401 GC heap after
{Heap after GC invocations=794 (full 3):
 PSYoungGen      total 2048K, used 777K [0x00000000d5580000, 0x00000000d5880000, 0x0000000100000000)
  eden space 512K, 0% used [0x00000000d5580000,0x00000000d5580000,0x00000000d5600000)
  from space 1536K, 50% used [0x00000000d5600000,0x00000000d56c2790,0x00000000d5780000)
  to   space 1024K, 0% used [0x00000000d5780000,0x00000000d5780000,0x00000000d5880000)
 ParOldGen       total 600576K, used 600424K [0x0000000080000000, 0x00000000a4a80000, 0x00000000d5580000)
  object space 600576K, 99% used [0x0000000080000000,0x00000000a4a5a360,0x00000000a4a80000)
 Metaspace       used 78676K, committed 80256K, reserved 1179648K
  class space    used 9375K, committed 10112K, reserved 1048576K
}
Event: 62.402 GC heap before
{Heap before GC invocations=795 (full 3):
 PSYoungGen      total 2048K, used 1289K [0x00000000d5580000, 0x00000000d5880000, 0x0000000100000000)
  eden space 512K, 100% used [0x00000000d5580000,0x00000000d5600000,0x00000000d5600000)
  from space 1536K, 50% used [0x00000000d5600000,0x00000000d56c2790,0x00000000d5780000)
  to   space 1024K, 0% used [0x00000000d5780000,0x00000000d5780000,0x00000000d5880000)
 ParOldGen       total 600576K, used 600424K [0x0000000080000000, 0x00000000a4a80000, 0x00000000d5580000)
  object space 600576K, 99% used [0x0000000080000000,0x00000000a4a5a360,0x00000000a4a80000)
 Metaspace       used 78677K, committed 80256K, reserved 1179648K
  class space    used 9375K, committed 10112K, reserved 1048576K
}
Event: 62.404 GC heap after
{Heap after GC invocations=795 (full 3):
 PSYoungGen      total 2048K, used 651K [0x00000000d5580000, 0x00000000d5880000, 0x0000000100000000)
  eden space 1024K, 0% used [0x00000000d5580000,0x00000000d5580000,0x00000000d5680000)
  from space 1024K, 63% used [0x00000000d5780000,0x00000000d5822fe8,0x00000000d5880000)
  to   space 1024K, 0% used [0x00000000d5680000,0x00000000d5680000,0x00000000d5780000)
 ParOldGen       total 601088K, used 600994K [0x0000000080000000, 0x00000000a4b00000, 0x00000000d5580000)
  object space 601088K, 99% used [0x0000000080000000,0x00000000a4ae8af0,0x00000000a4b00000)
 Metaspace       used 78677K, committed 80256K, reserved 1179648K
  class space    used 9375K, committed 10112K, reserved 1048576K
}
Event: 62.406 GC heap before
{Heap before GC invocations=796 (full 3):
 PSYoungGen      total 2048K, used 1675K [0x00000000d5580000, 0x00000000d5880000, 0x0000000100000000)
  eden space 1024K, 100% used [0x00000000d5580000,0x00000000d5680000,0x00000000d5680000)
  from space 1024K, 63% used [0x00000000d5780000,0x00000000d5822fe8,0x00000000d5880000)
  to   space 1024K, 0% used [0x00000000d5680000,0x00000000d5680000,0x00000000d5780000)
 ParOldGen       total 601088K, used 600994K [0x0000000080000000, 0x00000000a4b00000, 0x00000000d5580000)
  object space 601088K, 99% used [0x0000000080000000,0x00000000a4ae8af0,0x00000000a4b00000)
 Metaspace       used 78677K, committed 80256K, reserved 1179648K
  class space    used 9375K, committed 10112K, reserved 1048576K
}
Event: 62.406 GC heap after
{Heap after GC invocations=796 (full 3):
 PSYoungGen      total 2048K, used 1024K [0x00000000d5580000, 0x00000000d5b00000, 0x0000000100000000)
  eden space 1024K, 0% used [0x00000000d5580000,0x00000000d5580000,0x00000000d5680000)
  from space 1024K, 100% used [0x00000000d5680000,0x00000000d5780000,0x00000000d5780000)
  to   space 2048K, 0% used [0x00000000d5900000,0x00000000d5900000,0x00000000d5b00000)
 ParOldGen       total 601600K, used 601574K [0x0000000080000000, 0x00000000a4b80000, 0x00000000d5580000)
  object space 601600K, 99% used [0x0000000080000000,0x00000000a4b79ad8,0x00000000a4b80000)
 Metaspace       used 78677K, committed 80256K, reserved 1179648K
  class space    used 9375K, committed 10112K, reserved 1048576K
}
Event: 62.409 GC heap before
{Heap before GC invocations=797 (full 3):
 PSYoungGen      total 2048K, used 2048K [0x00000000d5580000, 0x00000000d5b00000, 0x0000000100000000)
  eden space 1024K, 100% used [0x00000000d5580000,0x00000000d5680000,0x00000000d5680000)
  from space 1024K, 100% used [0x00000000d5680000,0x00000000d5780000,0x00000000d5780000)
  to   space 2048K, 0% used [0x00000000d5900000,0x00000000d5900000,0x00000000d5b00000)
 ParOldGen       total 601600K, used 601574K [0x0000000080000000, 0x00000000a4b80000, 0x00000000d5580000)
  object space 601600K, 99% used [0x0000000080000000,0x00000000a4b79ad8,0x00000000a4b80000)
 Metaspace       used 78677K, committed 80256K, reserved 1179648K
  class space    used 9375K, committed 10112K, reserved 1048576K
}
Event: 62.410 GC heap after
{Heap after GC invocations=797 (full 3):
 PSYoungGen      total 3072K, used 1184K [0x00000000d5580000, 0x00000000d5a80000, 0x0000000100000000)
  eden space 1536K, 0% used [0x00000000d5580000,0x00000000d5580000,0x00000000d5700000)
  from space 1536K, 77% used [0x00000000d5900000,0x00000000d5a28000,0x00000000d5a80000)
  to   space 1536K, 0% used [0x00000000d5780000,0x00000000d5780000,0x00000000d5900000)
 ParOldGen       total 602624K, used 602590K [0x0000000080000000, 0x00000000a4c80000, 0x00000000d5580000)
  object space 602624K, 99% used [0x0000000080000000,0x00000000a4c77ad8,0x00000000a4c80000)
 Metaspace       used 78677K, committed 80256K, reserved 1179648K
  class space    used 9375K, committed 10112K, reserved 1048576K
}
Event: 62.415 GC heap before
{Heap before GC invocations=798 (full 3):
 PSYoungGen      total 3072K, used 2720K [0x00000000d5580000, 0x00000000d5a80000, 0x0000000100000000)
  eden space 1536K, 100% used [0x00000000d5580000,0x00000000d5700000,0x00000000d5700000)
  from space 1536K, 77% used [0x00000000d5900000,0x00000000d5a28000,0x00000000d5a80000)
  to   space 1536K, 0% used [0x00000000d5780000,0x00000000d5780000,0x00000000d5900000)
 ParOldGen       total 602624K, used 602590K [0x0000000080000000, 0x00000000a4c80000, 0x00000000d5580000)
  object space 602624K, 99% used [0x0000000080000000,0x00000000a4c77ad8,0x00000000a4c80000)
 Metaspace       used 78677K, committed 80256K, reserved 1179648K
  class space    used 9375K, committed 10112K, reserved 1048576K
}
Event: 62.417 GC heap after
{Heap after GC invocations=798 (full 3):
 PSYoungGen      total 3584K, used 1536K [0x00000000d5580000, 0x00000000d5d80000, 0x0000000100000000)
  eden space 2048K, 0% used [0x00000000d5580000,0x00000000d5580000,0x00000000d5780000)
  from space 1536K, 100% used [0x00000000d5780000,0x00000000d5900000,0x00000000d5900000)
  to   space 3072K, 0% used [0x00000000d5a80000,0x00000000d5a80000,0x00000000d5d80000)
 ParOldGen       total 604160K, used 603654K [0x0000000080000000, 0x00000000a4e00000, 0x00000000d5580000)
  object space 604160K, 99% used [0x0000000080000000,0x00000000a4d81ad8,0x00000000a4e00000)
 Metaspace       used 78677K, committed 80256K, reserved 1179648K
  class space    used 9375K, committed 10112K, reserved 1048576K
}
Event: 62.422 GC heap before
{Heap before GC invocations=799 (full 3):
 PSYoungGen      total 3584K, used 3566K [0x00000000d5580000, 0x00000000d5d80000, 0x0000000100000000)
  eden space 2048K, 99% used [0x00000000d5580000,0x00000000d577bad8,0x00000000d5780000)
  from space 1536K, 100% used [0x00000000d5780000,0x00000000d5900000,0x00000000d5900000)
  to   space 3072K, 0% used [0x00000000d5a80000,0x00000000d5a80000,0x00000000d5d80000)
 ParOldGen       total 604160K, used 603654K [0x0000000080000000, 0x00000000a4e00000, 0x00000000d5580000)
  object space 604160K, 99% used [0x0000000080000000,0x00000000a4d81ad8,0x00000000a4e00000)
 Metaspace       used 78677K, committed 80256K, reserved 1179648K
  class space    used 9375K, committed 10112K, reserved 1048576K
}
Event: 63.424 GC heap after
{Heap after GC invocations=799 (full 3):
 PSYoungGen      total 5120K, used 2129K [0x00000000d5580000, 0x00000000d5d00000, 0x0000000100000000)
  eden space 2560K, 0% used [0x00000000d5580000,0x00000000d5580000,0x00000000d5800000)
  from space 2560K, 83% used [0x00000000d5a80000,0x00000000d5c94630,0x00000000d5d00000)
  to   space 2560K, 0% used [0x00000000d5800000,0x00000000d5800000,0x00000000d5a80000)
 ParOldGen       total 605696K, used 605214K [0x0000000080000000, 0x00000000a4f80000, 0x00000000d5580000)
  object space 605696K, 99% used [0x0000000080000000,0x00000000a4f07ad8,0x00000000a4f80000)
 Metaspace       used 78677K, committed 80256K, reserved 1179648K
  class space    used 9375K, committed 10112K, reserved 1048576K
}
Event: 63.431 GC heap before
{Heap before GC invocations=800 (full 3):
 PSYoungGen      total 5120K, used 4689K [0x00000000d5580000, 0x00000000d5d00000, 0x0000000100000000)
  eden space 2560K, 100% used [0x00000000d5580000,0x00000000d5800000,0x00000000d5800000)
  from space 2560K, 83% used [0x00000000d5a80000,0x00000000d5c94630,0x00000000d5d00000)
  to   space 2560K, 0% used [0x00000000d5800000,0x00000000d5800000,0x00000000d5a80000)
 ParOldGen       total 605696K, used 605214K [0x0000000080000000, 0x00000000a4f80000, 0x00000000d5580000)
  object space 605696K, 99% used [0x0000000080000000,0x00000000a4f07ad8,0x00000000a4f80000)
 Metaspace       used 78694K, committed 80320K, reserved 1179648K
  class space    used 9375K, committed 10112K, reserved 1048576K
}

Dll operation events (15 events):
Event: 0.060 Loaded shared library c:\Users\Marco\.vscode\extensions\redhat.java-1.44.0-win32-x64\jre\21.0.8-win32-x86_64\bin\java.dll
Event: 0.117 Loaded shared library c:\Users\Marco\.vscode\extensions\redhat.java-1.44.0-win32-x64\jre\21.0.8-win32-x86_64\bin\zip.dll
Event: 0.135 Loaded shared library C:\Users\Marco\.vscode\extensions\redhat.java-1.44.0-win32-x64\jre\21.0.8-win32-x86_64\bin\instrument.dll
Event: 0.140 Loaded shared library C:\Users\Marco\.vscode\extensions\redhat.java-1.44.0-win32-x64\jre\21.0.8-win32-x86_64\bin\net.dll
Event: 0.142 Loaded shared library C:\Users\Marco\.vscode\extensions\redhat.java-1.44.0-win32-x64\jre\21.0.8-win32-x86_64\bin\nio.dll
Event: 0.145 Loaded shared library C:\Users\Marco\.vscode\extensions\redhat.java-1.44.0-win32-x64\jre\21.0.8-win32-x86_64\bin\zip.dll
Event: 0.160 Loaded shared library C:\Users\Marco\.vscode\extensions\redhat.java-1.44.0-win32-x64\jre\21.0.8-win32-x86_64\bin\jimage.dll
Event: 0.222 Loaded shared library c:\Users\Marco\.vscode\extensions\redhat.java-1.44.0-win32-x64\jre\21.0.8-win32-x86_64\bin\verify.dll
Event: 7.808 Loaded shared library C:\Users\Marco\AppData\Roaming\Code\User\globalStorage\redhat.java\1.44.0\config_win\org.eclipse.equinox.launcher\org.eclipse.equinox.launcher.win32.win32.x86_64_1.2.1400.v20250730-1736\eclipse_11913.dll
Event: 18.345 Loaded shared library C:\Users\Marco\AppData\Local\Temp\jna-74113578\jna505014442474544461.dll
Event: 22.517 Loaded shared library C:\Users\Marco\.gradle\native\c067742578af261105cb4f569cf0c3c89f3d7b1fecec35dd04571415982c5e48\windows-amd64\native-platform.dll
Event: 23.818 Loaded shared library C:\Users\Marco\.vscode\extensions\redhat.java-1.44.0-win32-x64\jre\21.0.8-win32-x86_64\bin\management.dll
Event: 23.826 Loaded shared library C:\Users\Marco\.vscode\extensions\redhat.java-1.44.0-win32-x64\jre\21.0.8-win32-x86_64\bin\management_ext.dll
Event: 27.608 Loaded shared library C:\Users\Marco\.vscode\extensions\redhat.java-1.44.0-win32-x64\jre\21.0.8-win32-x86_64\bin\extnet.dll
Event: 29.733 Loaded shared library C:\Users\Marco\.vscode\extensions\redhat.java-1.44.0-win32-x64\jre\21.0.8-win32-x86_64\bin\sunmscapi.dll

Deoptimization events (20 events):
Event: 53.937 Thread 0x000001ee543e5110 DEOPT PACKING pc=0x000001ee01757912 sp=0x000000c7a39fed80
Event: 53.937 Thread 0x000001ee543e5110 DEOPT UNPACKING pc=0x000001ee07584242 sp=0x000000c7a39fe1e8 mode 0
Event: 53.937 Thread 0x000001ee543e5110 DEOPT PACKING pc=0x000001ee01757912 sp=0x000000c7a39fed80
Event: 53.937 Thread 0x000001ee543e5110 DEOPT UNPACKING pc=0x000001ee07584242 sp=0x000000c7a39fe1e8 mode 0
Event: 53.938 Thread 0x000001ee543e5110 DEOPT PACKING pc=0x000001ee0175b0cc sp=0x000000c7a39fee40
Event: 53.938 Thread 0x000001ee543e5110 DEOPT UNPACKING pc=0x000001ee07584242 sp=0x000000c7a39fe340 mode 0
Event: 53.938 Thread 0x000001ee543e5110 DEOPT PACKING pc=0x000001ee01757912 sp=0x000000c7a39fedb0
Event: 53.938 Thread 0x000001ee543e5110 DEOPT UNPACKING pc=0x000001ee07584242 sp=0x000000c7a39fe218 mode 0
Event: 53.960 Thread 0x000001ee543e5110 DEOPT PACKING pc=0x000001ee0175b0cc sp=0x000000c7a39fee40
Event: 53.960 Thread 0x000001ee543e5110 DEOPT UNPACKING pc=0x000001ee07584242 sp=0x000000c7a39fe340 mode 0
Event: 53.964 Thread 0x000001ee543e5110 Uncommon trap: trap_request=0xffffff45 fr.pc=0x000001ee081c399c relative=0x0000000000000ddc
Event: 53.964 Thread 0x000001ee543e5110 Uncommon trap: reason=unstable_if action=reinterpret pc=0x000001ee081c399c method=org.eclipse.jdt.internal.core.index.DiskIndex.writeStreamChars(Ljava/io/OutputStream;[C)V @ 100 c2
Event: 53.964 Thread 0x000001ee543e5110 DEOPT PACKING pc=0x000001ee081c399c sp=0x000000c7a39fee70
Event: 53.964 Thread 0x000001ee543e5110 DEOPT UNPACKING pc=0x000001ee07583aa2 sp=0x000000c7a39fedb0 mode 2
Event: 60.392 Thread 0x000001ee543e5110 DEOPT PACKING pc=0x000001ee00d344f1 sp=0x000000c7a39fec70
Event: 60.392 Thread 0x000001ee543e5110 DEOPT UNPACKING pc=0x000001ee07584242 sp=0x000000c7a39fe2c8 mode 0
Event: 62.412 Thread 0x000001ee543e5110 Uncommon trap: trap_request=0xffffff45 fr.pc=0x000001ee07cfb198 relative=0x0000000000000638
Event: 62.412 Thread 0x000001ee543e5110 Uncommon trap: reason=unstable_if action=reinterpret pc=0x000001ee07cfb198 method=org.eclipse.jdt.internal.core.index.DiskIndex.readStreamChars(Ljava/io/InputStream;)[C @ 14 c2
Event: 62.412 Thread 0x000001ee543e5110 DEOPT PACKING pc=0x000001ee07cfb198 sp=0x000000c7a39fee20
Event: 62.412 Thread 0x000001ee543e5110 DEOPT UNPACKING pc=0x000001ee07583aa2 sp=0x000000c7a39fed90 mode 2

Classes loaded (20 events):
Event: 44.330 Loading class java/util/Hashtable$KeySet
Event: 44.330 Loading class java/util/Hashtable$KeySet done
Event: 44.364 Loading class java/util/stream/DistinctOps
Event: 44.365 Loading class java/util/stream/DistinctOps done
Event: 44.365 Loading class java/util/stream/DistinctOps$1
Event: 44.365 Loading class java/util/stream/DistinctOps$1 done
Event: 44.368 Loading class java/util/stream/DistinctOps$1$2
Event: 44.368 Loading class java/util/stream/DistinctOps$1$2 done
Event: 44.459 Loading class java/util/concurrent/ForkJoinTask$AdaptedCallable
Event: 44.459 Loading class java/util/concurrent/ForkJoinTask$AdaptedCallable done
Event: 44.879 Loading class java/util/stream/ReduceOps$4
Event: 44.880 Loading class java/util/stream/ReduceOps$4 done
Event: 44.880 Loading class java/util/stream/ReduceOps$4ReducingSink
Event: 44.880 Loading class java/util/stream/ReduceOps$4ReducingSink done
Event: 45.461 Loading class java/util/concurrent/ConcurrentHashMap$TreeNode
Event: 45.462 Loading class java/util/concurrent/ConcurrentHashMap$TreeNode done
Event: 45.462 Loading class java/util/concurrent/ConcurrentHashMap$TreeBin
Event: 45.463 Loading class java/util/concurrent/ConcurrentHashMap$TreeBin done
Event: 56.346 Loading class sun/nio/fs/WindowsFileCopy
Event: 56.346 Loading class sun/nio/fs/WindowsFileCopy done

Classes unloaded (7 events):
Event: 18.873 Thread 0x000001ee7a402c70 Unloading class 0x000001ee141ad000 'java/lang/invoke/LambdaForm$MH+0x000001ee141ad000'
Event: 18.873 Thread 0x000001ee7a402c70 Unloading class 0x000001ee141acc00 'java/lang/invoke/LambdaForm$MH+0x000001ee141acc00'
Event: 18.873 Thread 0x000001ee7a402c70 Unloading class 0x000001ee141ac800 'java/lang/invoke/LambdaForm$MH+0x000001ee141ac800'
Event: 18.873 Thread 0x000001ee7a402c70 Unloading class 0x000001ee141ac400 'java/lang/invoke/LambdaForm$MH+0x000001ee141ac400'
Event: 18.873 Thread 0x000001ee7a402c70 Unloading class 0x000001ee141ac000 'java/lang/invoke/LambdaForm$BMH+0x000001ee141ac000'
Event: 18.873 Thread 0x000001ee7a402c70 Unloading class 0x000001ee141abc00 'java/lang/invoke/LambdaForm$DMH+0x000001ee141abc00'
Event: 18.873 Thread 0x000001ee7a402c70 Unloading class 0x000001ee141aa800 'java/lang/invoke/LambdaForm$DMH+0x000001ee141aa800'

Classes redefined (0 events):
No events

Internal exceptions (20 events):
Event: 44.413 Thread 0x000001ee59b70500 Exception <a 'sun/nio/fs/WindowsException'{0x00000000d5747910}> (0x00000000d5747910) 
thrown [s\src\hotspot\share\prims\jni.cpp, line 520]
Event: 44.413 Thread 0x000001ee59b70500 Exception <a 'sun/nio/fs/WindowsException'{0x00000000d5748020}> (0x00000000d5748020) 
thrown [s\src\hotspot\share\prims\jni.cpp, line 520]
Event: 44.413 Thread 0x000001ee59b70500 Exception <a 'sun/nio/fs/WindowsException'{0x00000000d577f4e0}> (0x00000000d577f4e0) 
thrown [s\src\hotspot\share\prims\jni.cpp, line 520]
Event: 44.413 Thread 0x000001ee59b70500 Exception <a 'sun/nio/fs/WindowsException'{0x00000000d577fbf0}> (0x00000000d577fbf0) 
thrown [s\src\hotspot\share\prims\jni.cpp, line 520]
Event: 44.420 Thread 0x000001ee59b70500 Exception <a 'sun/nio/fs/WindowsException'{0x00000000d57efe68}> (0x00000000d57efe68) 
thrown [s\src\hotspot\share\prims\jni.cpp, line 520]
Event: 44.420 Thread 0x000001ee59b70500 Exception <a 'sun/nio/fs/WindowsException'{0x00000000d57f0578}> (0x00000000d57f0578) 
thrown [s\src\hotspot\share\prims\jni.cpp, line 520]
Event: 44.420 Thread 0x000001ee59b70500 Exception <a 'sun/nio/fs/WindowsException'{0x00000000d57f12a0}> (0x00000000d57f12a0) 
thrown [s\src\hotspot\share\prims\jni.cpp, line 520]
Event: 44.420 Thread 0x000001ee59b70500 Exception <a 'sun/nio/fs/WindowsException'{0x00000000d57f19b0}> (0x00000000d57f19b0) 
thrown [s\src\hotspot\share\prims\jni.cpp, line 520]
Event: 44.421 Thread 0x000001ee59b70500 Exception <a 'sun/nio/fs/WindowsException'{0x00000000d57f3000}> (0x00000000d57f3000) 
thrown [s\src\hotspot\share\prims\jni.cpp, line 520]
Event: 44.421 Thread 0x000001ee59b70500 Exception <a 'sun/nio/fs/WindowsException'{0x00000000d57f3710}> (0x00000000d57f3710) 
thrown [s\src\hotspot\share\prims\jni.cpp, line 520]
Event: 44.470 Thread 0x000001ee59b70500 Exception <a 'java/lang/NoSuchMethodError'{0x00000000d5964008}: 'java.lang.Object java.lang.invoke.DirectMethodHandle$Holder.invokeStatic(java.lang.Object, java.lang.Object, int, java.lang.Object)'> (0x00000000d5964008) 
thrown [s\src\hotspot\share\interpreter\linkResolver.cpp, line 773]
Event: 44.471 Thread 0x000001ee543e57a0 Exception <a 'sun/nio/fs/WindowsException'{0x00000000d597f5e0}> (0x00000000d597f5e0) 
thrown [s\src\hotspot\share\prims\jni.cpp, line 520]
Event: 44.473 Thread 0x000001ee543e57a0 Exception <a 'sun/nio/fs/WindowsException'{0x00000000d598c8c8}> (0x00000000d598c8c8) 
thrown [s\src\hotspot\share\prims\jni.cpp, line 520]
Event: 44.737 Thread 0x000001ee59b70500 Exception <a 'java/lang/NoSuchMethodError'{0x00000000d59f7d90}: 'java.lang.Object java.lang.invoke.DirectMethodHandle$Holder.invokeSpecial(java.lang.Object, java.lang.Object, int, long)'> (0x00000000d59f7d90) 
thrown [s\src\hotspot\share\interpreter\linkResolver.cpp, line 773]
Event: 44.789 Thread 0x000001ee5a9a8110 Exception <a 'java/lang/NoSuchMethodError'{0x00000000d5975d68}: 'int java.lang.invoke.Invokers$Holder.invokeExact_MT(java.lang.Object, java.lang.Object)'> (0x00000000d5975d68) 
thrown [s\src\hotspot\share\interpreter\linkResolver.cpp, line 773]
Event: 44.828 Thread 0x000001ee5a9a8110 Exception <a 'java/lang/IncompatibleClassChangeError'{0x00000000d5675e90}: Found class java.lang.Object, but interface was expected> (0x00000000d5675e90) 
thrown [s\src\hotspot\share\interpreter\linkResolver.cpp, line 840]
Event: 44.883 Thread 0x000001ee5a9a8110 Exception <a 'java/lang/NoSuchMethodError'{0x00000000d59363c0}: 'int java.lang.invoke.DirectMethodHandle$Holder.invokeSpecialIFC(java.lang.Object, java.lang.Object, java.lang.Object)'> (0x00000000d59363c0) 
thrown [s\src\hotspot\share\interpreter\linkResolver.cpp, line 773]
Event: 44.890 Thread 0x000001ee5a9a8110 Implicit null exception at 0x000001ee07e63127 to 0x000001ee07e63d08
Event: 45.186 Thread 0x000001ee5a9a8110 Exception <a 'java/lang/NoSuchMethodError'{0x00000000d55936a0}: 'void java.lang.invoke.DirectMethodHandle$Holder.invokeVirtual(java.lang.Object, java.lang.Object, java.lang.Object, java.lang.Object, java.lang.Object)'> (0x00000000d55936a0) 
thrown [s\src\hotspot\share\interpreter\linkResolver.cpp, line 773]
Event: 56.347 Thread 0x000001ee543e5110 Exception <a 'sun/nio/fs/WindowsException'{0x00000000d55e71c0}> (0x00000000d55e71c0) 
thrown [s\src\hotspot\share\prims\jni.cpp, line 520]

ZGC Phase Switch (0 events):
No events

VM Operations (20 events):
Event: 60.392 Executing VM operation: HandshakeAllThreads (HandshakeForDeflation) done
Event: 60.392 Executing VM operation: RendezvousGCThreads
Event: 60.392 Executing VM operation: RendezvousGCThreads done
Event: 60.393 Executing VM operation: ParallelGCFailedAllocation (Allocation Failure)
Event: 62.397 Executing VM operation: ParallelGCFailedAllocation (Allocation Failure) done
Event: 62.398 Executing VM operation: ParallelGCFailedAllocation (Allocation Failure)
Event: 62.400 Executing VM operation: ParallelGCFailedAllocation (Allocation Failure) done
Event: 62.400 Executing VM operation: ParallelGCFailedAllocation (Allocation Failure)
Event: 62.401 Executing VM operation: ParallelGCFailedAllocation (Allocation Failure) done
Event: 62.402 Executing VM operation: ParallelGCFailedAllocation (Allocation Failure)
Event: 62.404 Executing VM operation: ParallelGCFailedAllocation (Allocation Failure) done
Event: 62.406 Executing VM operation: ParallelGCFailedAllocation (Allocation Failure)
Event: 62.406 Executing VM operation: ParallelGCFailedAllocation (Allocation Failure) done
Event: 62.409 Executing VM operation: ParallelGCFailedAllocation (Allocation Failure)
Event: 62.410 Executing VM operation: ParallelGCFailedAllocation (Allocation Failure) done
Event: 62.415 Executing VM operation: ParallelGCFailedAllocation (Allocation Failure)
Event: 62.417 Executing VM operation: ParallelGCFailedAllocation (Allocation Failure) done
Event: 62.422 Executing VM operation: ParallelGCFailedAllocation (Allocation Failure)
Event: 63.424 Executing VM operation: ParallelGCFailedAllocation (Allocation Failure) done
Event: 63.431 Executing VM operation: ParallelGCFailedAllocation (Allocation Failure)

Memory protections (0 events):
No events

Nmethod flushes (20 events):
Event: 25.042 Thread 0x000001ee7a402c70 flushing  nmethod 0x000001ee00a5ef90
Event: 25.042 Thread 0x000001ee7a402c70 flushing  nmethod 0x000001ee00a5f710
Event: 25.042 Thread 0x000001ee7a402c70 flushing  nmethod 0x000001ee00a5fe90
Event: 25.042 Thread 0x000001ee7a402c70 flushing  nmethod 0x000001ee00a64f10
Event: 25.042 Thread 0x000001ee7a402c70 flushing  nmethod 0x000001ee00a65810
Event: 25.042 Thread 0x000001ee7a402c70 flushing  nmethod 0x000001ee00a67b10
Event: 25.042 Thread 0x000001ee7a402c70 flushing  nmethod 0x000001ee00a68010
Event: 25.042 Thread 0x000001ee7a402c70 flushing  nmethod 0x000001ee00a6a910
Event: 25.042 Thread 0x000001ee7a402c70 flushing  nmethod 0x000001ee00a6b490
Event: 25.042 Thread 0x000001ee7a402c70 flushing  nmethod 0x000001ee00a6bd90
Event: 25.042 Thread 0x000001ee7a402c70 flushing  nmethod 0x000001ee00a6de90
Event: 25.042 Thread 0x000001ee7a402c70 flushing  nmethod 0x000001ee00a6e210
Event: 25.042 Thread 0x000001ee7a402c70 flushing  nmethod 0x000001ee00a70190
Event: 25.042 Thread 0x000001ee7a402c70 flushing  nmethod 0x000001ee00a70590
Event: 25.042 Thread 0x000001ee7a402c70 flushing  nmethod 0x000001ee00a70c10
Event: 25.042 Thread 0x000001ee7a402c70 flushing  nmethod 0x000001ee00a71210
Event: 25.042 Thread 0x000001ee7a402c70 flushing  nmethod 0x000001ee00a74490
Event: 25.042 Thread 0x000001ee7a402c70 flushing  nmethod 0x000001ee00a74d90
Event: 25.042 Thread 0x000001ee7a402c70 flushing  nmethod 0x000001ee00a75190
Event: 25.042 Thread 0x000001ee7a402c70 flushing  nmethod 0x000001ee00a83090

Events (20 events):
Event: 34.084 Thread 0x000001ee5a9a8110 Thread added: 0x000001ee543e6b50
Event: 34.084 Thread 0x000001ee5a9a59b0 Thread exited: 0x000001ee5a9a59b0
Event: 34.394 Thread 0x000001ee5a4fb3e0 Thread exited: 0x000001ee5a4fb3e0
Event: 34.394 Thread 0x000001ee64fd14d0 Thread exited: 0x000001ee64fd14d0
Event: 35.951 Thread 0x000001ee5a9a8110 Thread exited: 0x000001ee5a9a8110
Event: 35.951 Thread 0x000001ee543e6b50 Thread exited: 0x000001ee543e6b50
Event: 36.053 Thread 0x000001ee5a9a7a80 Thread added: 0x000001ee543e6b50
Event: 36.053 Thread 0x000001ee5a9a7a80 Thread added: 0x000001ee5a9a8110
Event: 36.053 Thread 0x000001ee543e6b50 Thread exited: 0x000001ee543e6b50
Event: 42.250 Thread 0x000001ee7a526810 Thread added: 0x000001ee5a4fb3e0
Event: 42.830 Thread 0x000001ee5a9a8110 Thread exited: 0x000001ee5a9a8110
Event: 42.831 Thread 0x000001ee5a9a5320 Thread exited: 0x000001ee5a9a5320
Event: 42.831 Thread 0x000001ee5a9a7a80 Thread exited: 0x000001ee5a9a7a80
Event: 42.841 Thread 0x000001ee7a526810 Thread added: 0x000001ee640f5820
Event: 44.299 Thread 0x000001ee5a9a1ea0 Thread added: 0x000001ee5a9a8110
Event: 44.304 Thread 0x000001ee5a9a1ea0 Thread added: 0x000001ee5a9a7a80
Event: 44.379 Thread 0x000001ee5a9a1ea0 Thread added: 0x000001ee5a9a5320
Event: 44.382 Thread 0x000001ee5a9a1ea0 Thread added: 0x000001ee543e6b50
Event: 46.495 Thread 0x000001ee640f5820 Thread exited: 0x000001ee640f5820
Event: 47.014 Thread 0x000001ee5a4fb3e0 Thread exited: 0x000001ee5a4fb3e0


Dynamic libraries:
0x00007ff69e3e0000 - 0x00007ff69e3ee000 	c:\Users\Marco\.vscode\extensions\redhat.java-1.44.0-win32-x64\jre\21.0.8-win32-x86_64\bin\java.exe
0x00007ffec3180000 - 0x00007ffec33e7000 	C:\WINDOWS\SYSTEM32\ntdll.dll
0x00007ffec1cb0000 - 0x00007ffec1d79000 	C:\WINDOWS\System32\KERNEL32.DLL
0x00007ffec0350000 - 0x00007ffec0740000 	C:\WINDOWS\System32\KERNELBASE.dll
0x00007ffec0d00000 - 0x00007ffec0e4b000 	C:\WINDOWS\System32\ucrtbase.dll
0x00007ffeb5100000 - 0x00007ffeb5118000 	c:\Users\Marco\.vscode\extensions\redhat.java-1.44.0-win32-x64\jre\21.0.8-win32-x86_64\bin\jli.dll
0x00007ffeb50e0000 - 0x00007ffeb50fe000 	c:\Users\Marco\.vscode\extensions\redhat.java-1.44.0-win32-x64\jre\21.0.8-win32-x86_64\bin\VCRUNTIME140.dll
0x00007ffec2ee0000 - 0x00007ffec30a5000 	C:\WINDOWS\System32\USER32.dll
0x00007ffea8820000 - 0x00007ffea8aba000 	C:\WINDOWS\WinSxS\amd64_microsoft.windows.common-controls_6595b64144ccf1df_6.0.26100.4768_none_3e0c112ce331287c\COMCTL32.dll
0x00007ffec0cd0000 - 0x00007ffec0cf7000 	C:\WINDOWS\System32\win32u.dll
0x00007ffec1f60000 - 0x00007ffec2009000 	C:\WINDOWS\System32\msvcrt.dll
0x00007ffec1500000 - 0x00007ffec152b000 	C:\WINDOWS\System32\GDI32.dll
0x00007ffec0960000 - 0x00007ffec0a98000 	C:\WINDOWS\System32\gdi32full.dll
0x00007ffec0aa0000 - 0x00007ffec0b43000 	C:\WINDOWS\System32\msvcp_win.dll
0x00007ffec1d80000 - 0x00007ffec1daf000 	C:\WINDOWS\System32\IMM32.DLL
0x00007ffeb8c60000 - 0x00007ffeb8c6c000 	c:\Users\Marco\.vscode\extensions\redhat.java-1.44.0-win32-x64\jre\21.0.8-win32-x86_64\bin\vcruntime140_1.dll
0x00007ffe2abf0000 - 0x00007ffe2ac7d000 	c:\Users\Marco\.vscode\extensions\redhat.java-1.44.0-win32-x64\jre\21.0.8-win32-x86_64\bin\msvcp140.dll
0x00007ffe18570000 - 0x00007ffe19307000 	c:\Users\Marco\.vscode\extensions\redhat.java-1.44.0-win32-x64\jre\21.0.8-win32-x86_64\bin\server\jvm.dll
0x00007ffec1630000 - 0x00007ffec16e4000 	C:\WINDOWS\System32\ADVAPI32.dll
0x00007ffec1140000 - 0x00007ffec11e6000 	C:\WINDOWS\System32\sechost.dll
0x00007ffec1b90000 - 0x00007ffec1ca8000 	C:\WINDOWS\System32\RPCRT4.dll
0x00007ffec1e40000 - 0x00007ffec1eb4000 	C:\WINDOWS\System32\WS2_32.dll
0x00007ffec0060000 - 0x00007ffec00be000 	C:\WINDOWS\SYSTEM32\POWRPROF.dll
0x00007ffeb8df0000 - 0x00007ffeb8e25000 	C:\WINDOWS\SYSTEM32\WINMM.dll
0x00007ffebd470000 - 0x00007ffebd47b000 	C:\WINDOWS\SYSTEM32\VERSION.dll
0x00007ffebff50000 - 0x00007ffebff64000 	C:\WINDOWS\SYSTEM32\UMPDC.dll
0x00007ffebf030000 - 0x00007ffebf04b000 	C:\WINDOWS\SYSTEM32\kernel.appcore.dll
0x00007ffeb5050000 - 0x00007ffeb505a000 	c:\Users\Marco\.vscode\extensions\redhat.java-1.44.0-win32-x64\jre\21.0.8-win32-x86_64\bin\jimage.dll
0x00007ffeb9d30000 - 0x00007ffeb9f71000 	C:\WINDOWS\SYSTEM32\DBGHELP.DLL
0x00007ffec1700000 - 0x00007ffec1a85000 	C:\WINDOWS\System32\combase.dll
0x00007ffec11f0000 - 0x00007ffec12d0000 	C:\WINDOWS\System32\OLEAUT32.dll
0x00007ffea5b20000 - 0x00007ffea5b63000 	C:\WINDOWS\SYSTEM32\dbgcore.DLL
0x00007ffec02b0000 - 0x00007ffec0349000 	C:\WINDOWS\System32\bcryptPrimitives.dll
0x00007ffebb280000 - 0x00007ffebb28f000 	c:\Users\Marco\.vscode\extensions\redhat.java-1.44.0-win32-x64\jre\21.0.8-win32-x86_64\bin\instrument.dll
0x00007ffe446b0000 - 0x00007ffe446cf000 	c:\Users\Marco\.vscode\extensions\redhat.java-1.44.0-win32-x64\jre\21.0.8-win32-x86_64\bin\java.dll
0x00007ffec2010000 - 0x00007ffec275d000 	C:\WINDOWS\System32\SHELL32.dll
0x00007ffec0750000 - 0x00007ffec08c3000 	C:\WINDOWS\System32\wintypes.dll
0x00007ffebde90000 - 0x00007ffebe6f0000 	C:\WINDOWS\SYSTEM32\windows.storage.dll
0x00007ffec1530000 - 0x00007ffec1625000 	C:\WINDOWS\System32\SHCORE.dll
0x00007ffec0f10000 - 0x00007ffec0f7a000 	C:\WINDOWS\System32\shlwapi.dll
0x00007ffec01d0000 - 0x00007ffec01f9000 	C:\WINDOWS\SYSTEM32\profapi.dll
0x00007ffeb5090000 - 0x00007ffeb50a8000 	c:\Users\Marco\.vscode\extensions\redhat.java-1.44.0-win32-x64\jre\21.0.8-win32-x86_64\bin\zip.dll
0x00007ffeb5080000 - 0x00007ffeb5090000 	C:\Users\Marco\.vscode\extensions\redhat.java-1.44.0-win32-x64\jre\21.0.8-win32-x86_64\bin\net.dll
0x00007ffeb5bf0000 - 0x00007ffeb5d0e000 	C:\WINDOWS\SYSTEM32\WINHTTP.dll
0x00007ffebf5c0000 - 0x00007ffebf62b000 	C:\WINDOWS\system32\mswsock.dll
0x00007ffeb5060000 - 0x00007ffeb5076000 	C:\Users\Marco\.vscode\extensions\redhat.java-1.44.0-win32-x64\jre\21.0.8-win32-x86_64\bin\nio.dll
0x00007ffe46a90000 - 0x00007ffe46aa0000 	c:\Users\Marco\.vscode\extensions\redhat.java-1.44.0-win32-x64\jre\21.0.8-win32-x86_64\bin\verify.dll
0x00007ffeaa4d0000 - 0x00007ffeaa515000 	C:\Users\Marco\AppData\Roaming\Code\User\globalStorage\redhat.java\1.44.0\config_win\org.eclipse.equinox.launcher\org.eclipse.equinox.launcher.win32.win32.x86_64_1.2.1400.v20250730-1736\eclipse_11913.dll
0x00007ffec0f90000 - 0x00007ffec1130000 	C:\WINDOWS\System32\ole32.dll
0x00007ffebf880000 - 0x00007ffebf89b000 	C:\WINDOWS\SYSTEM32\CRYPTSP.dll
0x00007ffebef90000 - 0x00007ffebefcb000 	C:\WINDOWS\system32\rsaenh.dll
0x00007ffebf660000 - 0x00007ffebf68b000 	C:\WINDOWS\SYSTEM32\USERENV.dll
0x00007ffec01a0000 - 0x00007ffec01c6000 	C:\WINDOWS\SYSTEM32\bcrypt.dll
0x00007ffebf8a0000 - 0x00007ffebf8ac000 	C:\WINDOWS\SYSTEM32\CRYPTBASE.dll
0x00007ffebead0000 - 0x00007ffebeb03000 	C:\WINDOWS\SYSTEM32\IPHLPAPI.DLL
0x00007ffec2c50000 - 0x00007ffec2c5a000 	C:\WINDOWS\System32\NSI.dll
0x00007ffeaa480000 - 0x00007ffeaa4c9000 	C:\Users\Marco\AppData\Local\Temp\jna-74113578\jna505014442474544461.dll
0x00007ffec2ce0000 - 0x00007ffec2ce8000 	C:\WINDOWS\System32\PSAPI.DLL
0x00007ffeb9ab0000 - 0x00007ffeb9acf000 	C:\WINDOWS\SYSTEM32\dhcpcsvc6.DLL
0x00007ffeb9a70000 - 0x00007ffeb9a95000 	C:\WINDOWS\SYSTEM32\dhcpcsvc.DLL
0x00007ffe91cd0000 - 0x00007ffe91cf7000 	C:\Users\Marco\.gradle\native\c067742578af261105cb4f569cf0c3c89f3d7b1fecec35dd04571415982c5e48\windows-amd64\native-platform.dll
0x00007ffe45450000 - 0x00007ffe4545a000 	C:\Users\Marco\.vscode\extensions\redhat.java-1.44.0-win32-x64\jre\21.0.8-win32-x86_64\bin\management.dll
0x00007ffe44600000 - 0x00007ffe4460b000 	C:\Users\Marco\.vscode\extensions\redhat.java-1.44.0-win32-x64\jre\21.0.8-win32-x86_64\bin\management_ext.dll
0x00007ffe91d00000 - 0x00007ffe91d09000 	C:\Users\Marco\.vscode\extensions\redhat.java-1.44.0-win32-x64\jre\21.0.8-win32-x86_64\bin\extnet.dll
0x00007ffe91d10000 - 0x00007ffe91d1e000 	C:\Users\Marco\.vscode\extensions\redhat.java-1.44.0-win32-x64\jre\21.0.8-win32-x86_64\bin\sunmscapi.dll
0x00007ffec0b50000 - 0x00007ffec0cc7000 	C:\WINDOWS\System32\CRYPT32.dll
0x00007ffebfaa0000 - 0x00007ffebfad0000 	C:\WINDOWS\SYSTEM32\ncrypt.dll
0x00007ffebfa50000 - 0x00007ffebfa8f000 	C:\WINDOWS\SYSTEM32\NTASN1.dll
0x00007ffe47130000 - 0x00007ffe47138000 	C:\WINDOWS\system32\wshunix.dll

JVMTI agents:
c:\Users\Marco\.vscode\extensions\redhat.java-1.44.0-win32-x64\lombok\lombok-1.18.39-4050.jar path:c:\Users\Marco\.vscode\extensions\redhat.java-1.44.0-win32-x64\jre\21.0.8-win32-x86_64\bin\instrument.dll, loaded, initialized, instrumentlib options:none

dbghelp: loaded successfully - version: 4.0.5 - missing functions: none
symbol engine: initialized successfully - sym options: 0x614 - pdb path: .;c:\Users\Marco\.vscode\extensions\redhat.java-1.44.0-win32-x64\jre\21.0.8-win32-x86_64\bin;C:\WINDOWS\SYSTEM32;C:\WINDOWS\WinSxS\amd64_microsoft.windows.common-controls_6595b64144ccf1df_6.0.26100.4768_none_3e0c112ce331287c;c:\Users\Marco\.vscode\extensions\redhat.java-1.44.0-win32-x64\jre\21.0.8-win32-x86_64\bin\server;C:\Users\Marco\AppData\Roaming\Code\User\globalStorage\redhat.java\1.44.0\config_win\org.eclipse.equinox.launcher\org.eclipse.equinox.launcher.win32.win32.x86_64_1.2.1400.v20250730-1736;C:\Users\Marco\AppData\Local\Temp\jna-74113578;C:\Users\Marco\.gradle\native\c067742578af261105cb4f569cf0c3c89f3d7b1fecec35dd04571415982c5e48\windows-amd64

VM Arguments:
jvm_args: --add-modules=ALL-SYSTEM --add-opens=java.base/java.util=ALL-UNNAMED --add-opens=java.base/java.lang=ALL-UNNAMED --add-opens=java.base/sun.nio.fs=ALL-UNNAMED -Declipse.application=org.eclipse.jdt.ls.core.id1 -Dosgi.bundles.defaultStartLevel=4 -Declipse.product=org.eclipse.jdt.ls.core.product -Djava.import.generatesMetadataFilesAtProjectRoot=false -DDetectVMInstallationsJob.disabled=true -Dfile.encoding=utf8 -XX:+UseParallelGC -XX:GCTimeRatio=4 -XX:AdaptiveSizePolicyWeight=90 -Dsun.zip.disableMemoryMapping=true -Xmx2G -Xms100m -Xlog:disable -javaagent:c:\Users\Marco\.vscode\extensions\redhat.java-1.44.0-win32-x64\lombok\lombok-1.18.39-4050.jar -XX:+HeapDumpOnOutOfMemoryError -XX:HeapDumpPath=c:\Users\Marco\AppData\Roaming\Code\User\workspaceStorage\914772013bf3ee573581c20a86558418\redhat.java -Daether.dependencyCollector.impl=bf 
java_command: c:\Users\Marco\.vscode\extensions\redhat.java-1.44.0-win32-x64\server\plugins\org.eclipse.equinox.launcher_1.7.0.v20250519-0528.jar -configuration c:\Users\Marco\AppData\Roaming\Code\User\globalStorage\redhat.java\1.44.0\config_win -data c:\Users\Marco\AppData\Roaming\Code\User\workspaceStorage\914772013bf3ee573581c20a86558418\redhat.java\jdt_ws --pipe=\\.\pipe\lsp-3dada144f638070c89fb0e732be8c2a7-sock
java_class_path (initial): c:\Users\Marco\.vscode\extensions\redhat.java-1.44.0-win32-x64\server\plugins\org.eclipse.equinox.launcher_1.7.0.v20250519-0528.jar
Launcher Type: SUN_STANDARD

[Global flags]
    uintx AdaptiveSizePolicyWeight                 = 90                                        {product} {command line}
     intx CICompilerCount                          = 4                                         {product} {ergonomic}
    uintx GCTimeRatio                              = 4                                         {product} {command line}
     bool HeapDumpOnOutOfMemoryError               = true                                   {manageable} {command line}
    ccstr HeapDumpPath                             = c:\Users\Marco\AppData\Roaming\Code\User\workspaceStorage\914772013bf3ee573581c20a86558418\redhat.java         {manageable} {command line}
   size_t InitialHeapSize                          = 104857600                                 {product} {command line}
   size_t MaxHeapSize                              = 2147483648                                {product} {command line}
   size_t MaxNewSize                               = 715653120                                 {product} {ergonomic}
   size_t MinHeapDeltaBytes                        = 524288                                    {product} {ergonomic}
   size_t MinHeapSize                              = 104857600                                 {product} {command line}
   size_t NewSize                                  = 34603008                                  {product} {ergonomic}
    uintx NonNMethodCodeHeapSize                   = 5839372                                {pd product} {ergonomic}
    uintx NonProfiledCodeHeapSize                  = 122909434                              {pd product} {ergonomic}
   size_t OldSize                                  = 70254592                                  {product} {ergonomic}
    uintx ProfiledCodeHeapSize                     = 122909434                              {pd product} {ergonomic}
    uintx ReservedCodeCacheSize                    = 251658240                              {pd product} {ergonomic}
     bool SegmentedCodeCache                       = true                                      {product} {ergonomic}
   size_t SoftMaxHeapSize                          = 2147483648                             {manageable} {ergonomic}
     bool UseCompressedOops                        = true                           {product lp64_product} {ergonomic}
     bool UseLargePagesIndividualAllocation        = false                                  {pd product} {ergonomic}
     bool UseParallelGC                            = true                                      {product} {command line}

Logging:
Log output configuration:
 #0: stdout all=off uptime,level,tags foldmultilines=false
 #1: stderr all=off uptime,level,tags foldmultilines=false

Environment Variables:
PATH=C:\Program Files\Eclipse Adoptium\jdk-21.0.7.6-hotspot\bin;C:\Program Files\Python310\Scripts\;C:\Program Files\Python310\;C:\Program Files\Common Files\Oracle\Java\javapath;C:\Program Files\OpenLogic\jdk-8.0.402.06-hotspot\bin;C:\WINDOWS\system32;C:\WINDOWS;C:\WINDOWS\System32\Wbem;C:\WINDOWS\System32\WindowsPowerShell\v1.0\;C:\WINDOWS\System32\OpenSSH\;C:\Program Files\dotnet\;C:\Program Files (x86)\NoteBook FanControl\;C:\Program Files\MATLAB\R2023b\bin;C:\Program Files\PuTTY\;C:\Program Files\Git\cmd;C:\Program Files (x86)\Windows Kits\10\Windows Performance Toolkit\;C:\Users\Marco\AppData\Roaming\Python\Python310\Scripts\;C:\Program Files\PowerShell\7\;C:\Users\Marco\AppData\Local\UniGetUI\Chocolatey\bin;C:\Users\Marco\AppData\Local\Microsoft\WindowsApps;C:\Users\Marco\AppData\Local\Programs\Microsoft VS Code\bin;C:\msys64\ucrt64\bin;C:\Users\Marco\.dotnet\tools;C:\Users\Marco\AppData\Local\Microsoft\WindowsApps;
USERNAME=Marco
OS=Windows_NT
PROCESSOR_IDENTIFIER=AMD64 Family 25 Model 80 Stepping 0, AuthenticAMD
TMP=C:\Users\Marco\AppData\Local\Temp
TEMP=C:\Users\Marco\AppData\Local\Temp




Periodic native trim disabled

---------------  S Y S T E M  ---------------

OS:
 Windows 11 , 64 bit Build 26100 (10.0.26100.4768)
OS uptime: 0 days 1:32 hours
Hyper-V role detected

CPU: total 12 (initial active 12) (12 cores per cpu, 2 threads per core) family 25 model 80 stepping 0 microcode 0xa500011, cx8, cmov, fxsr, ht, mmx, 3dnowpref, sse, sse2, sse3, ssse3, sse4a, sse4.1, sse4.2, popcnt, lzcnt, tsc, tscinvbit, avx, avx2, aes, erms, clmul, bmi1, bmi2, adx, sha, fma, vzeroupper, clflush, clflushopt, hv, rdtscp, rdpid, fsrm, f16c, cet_ss
Processor Information for processor 0
  Max Mhz: 2301, Current Mhz: 2301, Mhz Limit: 2301
Processor Information for processor 1
  Max Mhz: 2301, Current Mhz: 2010, Mhz Limit: 2301
Processor Information for processor 2
  Max Mhz: 2301, Current Mhz: 2010, Mhz Limit: 2301
Processor Information for processor 3
  Max Mhz: 2301, Current Mhz: 2010, Mhz Limit: 2301
Processor Information for processor 4
  Max Mhz: 2301, Current Mhz: 2301, Mhz Limit: 2301
Processor Information for processor 5
  Max Mhz: 2301, Current Mhz: 2301, Mhz Limit: 2301
Processor Information for processor 6
  Max Mhz: 2301, Current Mhz: 2301, Mhz Limit: 2301
Processor Information for processor 7
  Max Mhz: 2301, Current Mhz: 2301, Mhz Limit: 2301
Processor Information for processor 8
  Max Mhz: 2301, Current Mhz: 2010, Mhz Limit: 2301
Processor Information for processor 9
  Max Mhz: 2301, Current Mhz: 2010, Mhz Limit: 2301
Processor Information for processor 10
  Max Mhz: 2301, Current Mhz: 2301, Mhz Limit: 2301
Processor Information for processor 11
  Max Mhz: 2301, Current Mhz: 2010, Mhz Limit: 2301

Memory: 4k page, system-wide physical 7520M (403M free)
TotalPageFile size 31072M (AvailPageFile size 8M)
current process WorkingSet (physical memory assigned to process): 707M, peak: 885M
current process commit charge ("private bytes"): 1672M, peak: 1672M

vm_info: OpenJDK 64-Bit Server VM (21.0.8+9-LTS) for windows-amd64 JRE (21.0.8+9-LTS), built on 2025-07-15T00:00:00Z by "admin" with MS VC++ 17.7 (VS2022)

END.
