#
# There is insufficient memory for the Java Runtime Environment to continue.
# Native memory allocation (malloc) failed to allocate 1143456 bytes. Error detail: Chunk::new
# Possible reasons:
#   The system is out of physical RAM or swap space
#   This process is running with CompressedOops enabled, and the Java Heap may be blocking the growth of the native heap
# Possible solutions:
#   Reduce memory load on the system
#   Increase physical memory or swap space
#   Check if swap backing store is full
#   Decrease Java heap size (-Xmx/-Xms)
#   Decrease number of Java threads
#   Decrease Java thread stack sizes (-Xss)
#   Set larger code cache with -XX:ReservedCodeCacheSize=
#   JVM is running with Unscaled Compressed Oops mode in which the Java heap is
#     placed in the first 4GB address space. The Java Heap base address is the
#     maximum limit for the native heap growth. Please use -XX:HeapBaseMinAddress
#     to set the Java Heap base and to place the Java Heap above 4GB virtual address.
# This output file may be truncated or incomplete.
#
#  Out of Memory Error (arena.cpp:168), pid=8324, tid=14976
#
# JRE version: OpenJDK Runtime Environment Temurin-21.0.7+6 (21.0.7+6) (build 21.0.7+6-LTS)
# Java VM: OpenJDK 64-Bit Server VM Temurin-21.0.7+6 (21.0.7+6-LTS, mixed mode, sharing, tiered, compressed oops, compressed class ptrs, g1 gc, windows-amd64)
# No core dump will be written. Minidumps are not enabled by default on client versions of Windows
#

---------------  S U M M A R Y ------------

Command Line: --add-opens=java.base/java.util=ALL-UNNAMED --add-opens=java.base/java.lang=ALL-UNNAMED --add-opens=java.base/java.lang.invoke=ALL-UNNAMED --add-opens=java.prefs/java.util.prefs=ALL-UNNAMED --add-opens=java.base/java.nio.charset=ALL-UNNAMED --add-opens=java.base/java.net=ALL-UNNAMED --add-opens=java.base/java.util.concurrent.atomic=ALL-UNNAMED -Xmx2048m -Dfile.encoding=UTF-8 -Duser.country=IT -Duser.language=it -Duser.variant -javaagent:C:\Users\Marco\.gradle\wrapper\dists\gradle-8.7-bin\bhs2wmbdwecv87pi65oeuq5iu\gradle-8.7\lib\agents\gradle-instrumentation-agent-8.7.jar org.gradle.launcher.daemon.bootstrap.GradleDaemon 8.7

Host: AMD Ryzen 5 5625U with Radeon Graphics         , 12 cores, 7G,  Windows 11 , 64 bit Build 26100 (10.0.26100.4768)
Time: Mon Aug 18 11:52:06 2025 ora legale Europa occidentale elapsed time: 8.488766 seconds (0d 0h 0m 8s)

---------------  T H R E A D  ---------------

Current thread (0x000001b61ae71030):  JavaThread "C2 CompilerThread1" daemon [_thread_in_native, id=14976, stack(0x000000404e400000,0x000000404e500000) (1024K)]


Current CompileTask:
C2:8488 6578       4       java.lang.invoke.MethodType::makeImpl (109 bytes)

Stack: [0x000000404e400000,0x000000404e500000]
Native frames: (J=compiled Java code, j=interpreted, Vv=VM code, C=native code)
V  [jvm.dll+0x6ce119]
V  [jvm.dll+0x8a84a1]
V  [jvm.dll+0x8aa9ce]
V  [jvm.dll+0x8ab0b3]
V  [jvm.dll+0x27f8a6]
V  [jvm.dll+0xc507d]
V  [jvm.dll+0xc55b3]
V  [jvm.dll+0x2f2c6d]
V  [jvm.dll+0x5f6bca]
V  [jvm.dll+0x250cb2]
V  [jvm.dll+0x25106f]
V  [jvm.dll+0x249934]
V  [jvm.dll+0x246fc4]
V  [jvm.dll+0x1c760e]
V  [jvm.dll+0x25695a]
V  [jvm.dll+0x254efa]
V  [jvm.dll+0x3f03f6]
V  [jvm.dll+0x851f6b]
V  [jvm.dll+0x6cc7dd]
C  [ucrtbase.dll+0x37b0]
C  [KERNEL32.DLL+0x2e8d7]
C  [ntdll.dll+0x3c34c]


---------------  P R O C E S S  ---------------

Threads class SMR info:
_java_thread_list=0x000001b61710fc40, length=57, elements={
0x000001b5b09a82c0, 0x000001b5cfea51e0, 0x000001b5cfea5de0, 0x000001b5cfea6c40,
0x000001b5cfea78f0, 0x000001b5cfeb09e0, 0x000001b5cfeb4900, 0x000001b5cfeb6ca0,
0x000001b5cfecad70, 0x000001b5cfeb2830, 0x000001b5cfeb1b10, 0x000001b5cfeb3550,
0x000001b5cfeb21a0, 0x000001b5cfeb3be0, 0x000001b5cfeb1480, 0x000001b5cfeb2ec0,
0x000001b5cfeb4270, 0x000001b616ea1670, 0x000001b616ea1d00, 0x000001b616e9fc30,
0x000001b616ea2390, 0x000001b616ea2a20, 0x000001b616ea02c0, 0x000001b616ea0fe0,
0x000001b616e9f5a0, 0x000001b616ea30b0, 0x000001b616ea3740, 0x000001b616ea3dd0,
0x000001b616ea0950, 0x000001b616ea6bc0, 0x000001b616ea5180, 0x000001b616ea4460,
0x000001b616ea4af0, 0x000001b61ae71030, 0x000001b617968ff0, 0x000001b61796aa30,
0x000001b617968960, 0x000001b61796cb00, 0x000001b61796bde0, 0x000001b61796c470,
0x000001b617969680, 0x000001b61796d190, 0x000001b61796deb0, 0x000001b61796e540,
0x000001b61796d820, 0x000001b61796b0c0, 0x000001b61524e080, 0x000001b61524fac0,
0x000001b61524d9f0, 0x000001b61524e710, 0x000001b61524d360, 0x000001b61524ccd0,
0x000001b615250150, 0x000001b615251b90, 0x000001b6152507e0, 0x000001b615250e70,
0x000001b615251500
}

Java Threads: ( => current thread )
  0x000001b5b09a82c0 JavaThread "main"                              [_thread_blocked, id=11208, stack(0x000000404d200000,0x000000404d300000) (1024K)]
  0x000001b5cfea51e0 JavaThread "Reference Handler"          daemon [_thread_blocked, id=16052, stack(0x000000404da00000,0x000000404db00000) (1024K)]
  0x000001b5cfea5de0 JavaThread "Finalizer"                  daemon [_thread_blocked, id=19968, stack(0x000000404db00000,0x000000404dc00000) (1024K)]
  0x000001b5cfea6c40 JavaThread "Signal Dispatcher"          daemon [_thread_blocked, id=13280, stack(0x000000404dc00000,0x000000404dd00000) (1024K)]
  0x000001b5cfea78f0 JavaThread "Attach Listener"            daemon [_thread_blocked, id=6724, stack(0x000000404dd00000,0x000000404de00000) (1024K)]
  0x000001b5cfeb09e0 JavaThread "Service Thread"             daemon [_thread_blocked, id=8796, stack(0x000000404de00000,0x000000404df00000) (1024K)]
  0x000001b5cfeb4900 JavaThread "Monitor Deflation Thread"   daemon [_thread_blocked, id=5516, stack(0x000000404df00000,0x000000404e000000) (1024K)]
  0x000001b5cfeb6ca0 JavaThread "C2 CompilerThread0"         daemon [_thread_in_native, id=20272, stack(0x000000404e000000,0x000000404e100000) (1024K)]
  0x000001b5cfecad70 JavaThread "C1 CompilerThread0"         daemon [_thread_blocked, id=17276, stack(0x000000404e100000,0x000000404e200000) (1024K)]
  0x000001b5cfeb2830 JavaThread "Common-Cleaner"             daemon [_thread_blocked, id=19840, stack(0x000000404e200000,0x000000404e300000) (1024K)]
  0x000001b5cfeb1b10 JavaThread "Notification Thread"        daemon [_thread_blocked, id=16932, stack(0x000000404e300000,0x000000404e400000) (1024K)]
  0x000001b5cfeb3550 JavaThread "Daemon health stats"               [_thread_blocked, id=10120, stack(0x000000404ea00000,0x000000404eb00000) (1024K)]
  0x000001b5cfeb21a0 JavaThread "Incoming local TCP Connector on port 51015"        [_thread_in_native, id=6196, stack(0x000000404eb00000,0x000000404ec00000) (1024K)]
  0x000001b5cfeb3be0 JavaThread "Daemon periodic checks"            [_thread_blocked, id=13204, stack(0x000000404ec00000,0x000000404ed00000) (1024K)]
  0x000001b5cfeb1480 JavaThread "Daemon"                            [_thread_blocked, id=9484, stack(0x000000404ed00000,0x000000404ee00000) (1024K)]
  0x000001b5cfeb2ec0 JavaThread "Handler for socket connection from /127.0.0.1:51015 to /127.0.0.1:51016"        [_thread_in_native, id=4240, stack(0x000000404ee00000,0x000000404ef00000) (1024K)]
  0x000001b5cfeb4270 JavaThread "Cancel handler"                    [_thread_blocked, id=4544, stack(0x000000404ef00000,0x000000404f000000) (1024K)]
  0x000001b616ea1670 JavaThread "Daemon worker"                     [_thread_in_vm, id=12412, stack(0x000000404f000000,0x000000404f100000) (1024K)]
  0x000001b616ea1d00 JavaThread "Asynchronous log dispatcher for DefaultDaemonConnection: socket connection from /127.0.0.1:51015 to /127.0.0.1:51016"        [_thread_blocked, id=11416, stack(0x000000404f100000,0x000000404f200000) (1024K)]
  0x000001b616e9fc30 JavaThread "Stdin handler"                     [_thread_blocked, id=2760, stack(0x000000404f200000,0x000000404f300000) (1024K)]
  0x000001b616ea2390 JavaThread "Daemon client event forwarder"        [_thread_blocked, id=20340, stack(0x000000404f300000,0x000000404f400000) (1024K)]
  0x000001b616ea2a20 JavaThread "Cache worker for journal cache (C:\Users\Marco\.gradle\caches\journal-1)"        [_thread_blocked, id=3420, stack(0x000000404f400000,0x000000404f500000) (1024K)]
  0x000001b616ea02c0 JavaThread "File lock request listener"        [_thread_in_native, id=2568, stack(0x000000404f500000,0x000000404f600000) (1024K)]
  0x000001b616ea0fe0 JavaThread "Cache worker for file hash cache (C:\Users\Marco\.gradle\caches\8.7\fileHashes)"        [_thread_blocked, id=14544, stack(0x000000404f600000,0x000000404f700000) (1024K)]
  0x000001b616e9f5a0 JavaThread "Cache worker for file hash cache (C:\Users\Marco\OneDrive\Desktop\Progetto APP\Sensors\.gradle\8.7\fileHashes)"        [_thread_blocked, id=4552, stack(0x000000404fe00000,0x000000404ff00000) (1024K)]
  0x000001b616ea30b0 JavaThread "File watcher server"        daemon [_thread_in_native, id=18468, stack(0x000000404ff00000,0x0000004050000000) (1024K)]
  0x000001b616ea3740 JavaThread "File watcher consumer"      daemon [_thread_blocked, id=16844, stack(0x0000004050000000,0x0000004050100000) (1024K)]
  0x000001b616ea3dd0 JavaThread "Cache worker for checksums cache (C:\Users\Marco\OneDrive\Desktop\Progetto APP\Sensors\.gradle\8.7\checksums)"        [_thread_blocked, id=20284, stack(0x0000004050100000,0x0000004050200000) (1024K)]
  0x000001b616ea0950 JavaThread "Cache worker for cache directory md-supplier (C:\Users\Marco\.gradle\caches\8.7\md-supplier)"        [_thread_blocked, id=1272, stack(0x0000004050200000,0x0000004050300000) (1024K)]
  0x000001b616ea6bc0 JavaThread "Cache worker for cache directory md-rule (C:\Users\Marco\.gradle\caches\8.7\md-rule)"        [_thread_blocked, id=16168, stack(0x0000004050300000,0x0000004050400000) (1024K)]
  0x000001b616ea5180 JavaThread "Cache worker for file content cache (C:\Users\Marco\.gradle\caches\8.7\fileContent)"        [_thread_blocked, id=10184, stack(0x0000004050400000,0x0000004050500000) (1024K)]
  0x000001b616ea4460 JavaThread "jar transforms"                    [_thread_blocked, id=10788, stack(0x0000004050500000,0x0000004050600000) (1024K)]
  0x000001b616ea4af0 JavaThread "jar transforms Thread 2"           [_thread_blocked, id=8556, stack(0x0000004050600000,0x0000004050700000) (1024K)]
=>0x000001b61ae71030 JavaThread "C2 CompilerThread1"         daemon [_thread_in_native, id=14976, stack(0x000000404e400000,0x000000404e500000) (1024K)]
  0x000001b617968ff0 JavaThread "Cache worker for Build Output Cleanup Cache (C:\Users\Marco\OneDrive\Desktop\Progetto APP\Sensors\.gradle\buildOutputCleanup)"        [_thread_blocked, id=13048, stack(0x000000404e900000,0x000000404ea00000) (1024K)]
  0x000001b61796aa30 JavaThread "Unconstrained build operations"        [_thread_blocked, id=20364, stack(0x0000004050700000,0x0000004050800000) (1024K)]
  0x000001b617968960 JavaThread "Unconstrained build operations Thread 2"        [_thread_blocked, id=19696, stack(0x0000004050800000,0x0000004050900000) (1024K)]
  0x000001b61796cb00 JavaThread "Unconstrained build operations Thread 3"        [_thread_blocked, id=19928, stack(0x0000004050900000,0x0000004050a00000) (1024K)]
  0x000001b61796bde0 JavaThread "Unconstrained build operations Thread 4"        [_thread_blocked, id=8648, stack(0x0000004050a00000,0x0000004050b00000) (1024K)]
  0x000001b61796c470 JavaThread "Unconstrained build operations Thread 5"        [_thread_blocked, id=14120, stack(0x0000004050b00000,0x0000004050c00000) (1024K)]
  0x000001b617969680 JavaThread "Unconstrained build operations Thread 6"        [_thread_blocked, id=17580, stack(0x0000004050c00000,0x0000004050d00000) (1024K)]
  0x000001b61796d190 JavaThread "Unconstrained build operations Thread 7"        [_thread_blocked, id=14688, stack(0x0000004050d00000,0x0000004050e00000) (1024K)]
  0x000001b61796deb0 JavaThread "Unconstrained build operations Thread 8"        [_thread_blocked, id=1244, stack(0x0000004050e00000,0x0000004050f00000) (1024K)]
  0x000001b61796e540 JavaThread "Unconstrained build operations Thread 9"        [_thread_blocked, id=7244, stack(0x0000004050f00000,0x0000004051000000) (1024K)]
  0x000001b61796d820 JavaThread "Unconstrained build operations Thread 10"        [_thread_blocked, id=16776, stack(0x0000004051000000,0x0000004051100000) (1024K)]
  0x000001b61796b0c0 JavaThread "Unconstrained build operations Thread 11"        [_thread_blocked, id=11928, stack(0x0000004051100000,0x0000004051200000) (1024K)]
  0x000001b61524e080 JavaThread "Unconstrained build operations Thread 12"        [_thread_blocked, id=6764, stack(0x0000004051200000,0x0000004051300000) (1024K)]
  0x000001b61524fac0 JavaThread "Unconstrained build operations Thread 13"        [_thread_blocked, id=16076, stack(0x0000004051300000,0x0000004051400000) (1024K)]
  0x000001b61524d9f0 JavaThread "Unconstrained build operations Thread 14"        [_thread_blocked, id=2796, stack(0x0000004051400000,0x0000004051500000) (1024K)]
  0x000001b61524e710 JavaThread "Unconstrained build operations Thread 15"        [_thread_blocked, id=5552, stack(0x0000004051500000,0x0000004051600000) (1024K)]
  0x000001b61524d360 JavaThread "Unconstrained build operations Thread 16"        [_thread_blocked, id=11832, stack(0x0000004051600000,0x0000004051700000) (1024K)]
  0x000001b61524ccd0 JavaThread "Unconstrained build operations Thread 17"        [_thread_blocked, id=13916, stack(0x0000004051700000,0x0000004051800000) (1024K)]
  0x000001b615250150 JavaThread "Unconstrained build operations Thread 18"        [_thread_blocked, id=20292, stack(0x0000004051800000,0x0000004051900000) (1024K)]
  0x000001b615251b90 JavaThread "Unconstrained build operations Thread 19"        [_thread_blocked, id=7036, stack(0x0000004051900000,0x0000004051a00000) (1024K)]
  0x000001b6152507e0 JavaThread "Unconstrained build operations Thread 20"        [_thread_blocked, id=10116, stack(0x0000004051a00000,0x0000004051b00000) (1024K)]
  0x000001b615250e70 JavaThread "Unconstrained build operations Thread 21"        [_thread_blocked, id=18696, stack(0x0000004051b00000,0x0000004051c00000) (1024K)]
  0x000001b615251500 JavaThread "Unconstrained build operations Thread 22"        [_thread_blocked, id=3968, stack(0x0000004051c00000,0x0000004051d00000) (1024K)]
Total: 57

Other Threads:
  0x000001b5cfe87900 VMThread "VM Thread"                           [id=3244, stack(0x000000404d900000,0x000000404da00000) (1024K)]
  0x000001b5cfe75f90 WatcherThread "VM Periodic Task Thread"        [id=20452, stack(0x000000404d800000,0x000000404d900000) (1024K)]
  0x000001b5b2e67a10 WorkerThread "GC Thread#0"                     [id=20352, stack(0x000000404d300000,0x000000404d400000) (1024K)]
  0x000001b615e759f0 WorkerThread "GC Thread#1"                     [id=4388, stack(0x000000404e500000,0x000000404e600000) (1024K)]
  0x000001b615bbcfd0 WorkerThread "GC Thread#2"                     [id=13432, stack(0x000000404e600000,0x000000404e700000) (1024K)]
  0x000001b615bbd370 WorkerThread "GC Thread#3"                     [id=1208, stack(0x000000404e700000,0x000000404e800000) (1024K)]
  0x000001b615bdd050 WorkerThread "GC Thread#4"                     [id=13340, stack(0x000000404e800000,0x000000404e900000) (1024K)]
  0x000001b61711e1e0 WorkerThread "GC Thread#5"                     [id=15372, stack(0x000000404f700000,0x000000404f800000) (1024K)]
  0x000001b61711e580 WorkerThread "GC Thread#6"                     [id=7264, stack(0x000000404f800000,0x000000404f900000) (1024K)]
  0x000001b61763ae10 WorkerThread "GC Thread#7"                     [id=9120, stack(0x000000404f900000,0x000000404fa00000) (1024K)]
  0x000001b617840f30 WorkerThread "GC Thread#8"                     [id=3076, stack(0x000000404fa00000,0x000000404fb00000) (1024K)]
  0x000001b61783fd10 WorkerThread "GC Thread#9"                     [id=9356, stack(0x000000404fb00000,0x000000404fc00000) (1024K)]
  0x000001b5b2e788f0 ConcurrentGCThread "G1 Main Marker"            [id=16900, stack(0x000000404d400000,0x000000404d500000) (1024K)]
  0x000001b5b2e7b020 WorkerThread "G1 Conc#0"                       [id=11220, stack(0x000000404d500000,0x000000404d600000) (1024K)]
  0x000001b6178400b0 WorkerThread "G1 Conc#1"                       [id=17632, stack(0x000000404fc00000,0x000000404fd00000) (1024K)]
  0x000001b6178407f0 WorkerThread "G1 Conc#2"                       [id=13140, stack(0x000000404fd00000,0x000000404fe00000) (1024K)]
  0x000001b5cfd4b1a0 ConcurrentGCThread "G1 Refine#0"               [id=14852, stack(0x000000404d600000,0x000000404d700000) (1024K)]
  0x000001b5cfd4c9d0 ConcurrentGCThread "G1 Service"                [id=11844, stack(0x000000404d700000,0x000000404d800000) (1024K)]
Total: 18

Threads with active compile tasks:
C2 CompilerThread0  8519 7046       4       sun.net.www.protocol.jar.Handler::parseURL (173 bytes)
C2 CompilerThread1  8519 6578       4       java.lang.invoke.MethodType::makeImpl (109 bytes)
Total: 2

VM state: not at safepoint (normal execution)

VM Mutex/Monitor currently owned by a thread: None

Heap address: 0x0000000080000000, size: 2048 MB, Compressed Oops mode: 32-bit

CDS archive(s) mapped at: [0x000001b5d0000000-0x000001b5d0c80000-0x000001b5d0c80000), size 13107200, SharedBaseAddress: 0x000001b5d0000000, ArchiveRelocationMode: 1.
Compressed class space mapped at: 0x000001b5d1000000-0x000001b611000000, reserved size: 1073741824
Narrow klass base: 0x000001b5d0000000, Narrow klass shift: 0, Narrow klass range: 0x100000000

GC Precious Log:
 CardTable entry size: 512
 Card Set container configuration: InlinePtr #cards 5 size 8 Array Of Cards #cards 12 size 40 Howl #buckets 4 coarsen threshold 1843 Howl Bitmap #cards 512 size 80 coarsen threshold 460 Card regions per heap region 1 cards per card region 2048
 CPUs: 12 total, 12 available
 Memory: 7520M
 Large Page Support: Disabled
 NUMA Support: Disabled
 Compressed Oops: Enabled (32-bit)
 Heap Region Size: 1M
 Heap Min Capacity: 8M
 Heap Initial Capacity: 118M
 Heap Max Capacity: 2G
 Pre-touch: Disabled
 Parallel Workers: 10
 Concurrent Workers: 3
 Concurrent Refinement Workers: 10
 Periodic GC: Disabled

Heap:
 garbage-first heap   total 88064K, used 71331K [0x0000000080000000, 0x0000000100000000)
  region size 1024K, 36 young (36864K), 6 survivors (6144K)
 Metaspace       used 51377K, committed 53120K, reserved 1114112K
  class space    used 7272K, committed 8128K, reserved 1048576K

Heap Regions: E=young(eden), S=young(survivor), O=old, HS=humongous(starts), HC=humongous(continues), CS=collection set, F=free, TAMS=top-at-mark-start, PB=parsable bottom
|   0|0x0000000080000000, 0x0000000080100000, 0x0000000080100000|100%|HS|  |TAMS 0x0000000080000000| PB 0x0000000080000000| Complete 
|   1|0x0000000080100000, 0x0000000080200000, 0x0000000080200000|100%|HC|  |TAMS 0x0000000080100000| PB 0x0000000080100000| Complete 
|   2|0x0000000080200000, 0x0000000080300000, 0x0000000080300000|100%|HC|  |TAMS 0x0000000080200000| PB 0x0000000080200000| Complete 
|   3|0x0000000080300000, 0x0000000080400000, 0x0000000080400000|100%|HC|  |TAMS 0x0000000080300000| PB 0x0000000080300000| Complete 
|   4|0x0000000080400000, 0x0000000080500000, 0x0000000080500000|100%| O|  |TAMS 0x0000000080400000| PB 0x0000000080400000| Untracked 
|   5|0x0000000080500000, 0x0000000080600000, 0x0000000080600000|100%| O|  |TAMS 0x0000000080500000| PB 0x0000000080500000| Untracked 
|   6|0x0000000080600000, 0x0000000080700000, 0x0000000080700000|100%| O|  |TAMS 0x0000000080600000| PB 0x0000000080600000| Untracked 
|   7|0x0000000080700000, 0x0000000080800000, 0x0000000080800000|100%| O|  |TAMS 0x0000000080700000| PB 0x0000000080700000| Untracked 
|   8|0x0000000080800000, 0x0000000080900000, 0x0000000080900000|100%| O|  |TAMS 0x0000000080800000| PB 0x0000000080800000| Untracked 
|   9|0x0000000080900000, 0x0000000080a00000, 0x0000000080a00000|100%| O|  |TAMS 0x0000000080900000| PB 0x0000000080900000| Untracked 
|  10|0x0000000080a00000, 0x0000000080b00000, 0x0000000080b00000|100%| O|  |TAMS 0x0000000080a00000| PB 0x0000000080a00000| Untracked 
|  11|0x0000000080b00000, 0x0000000080c00000, 0x0000000080c00000|100%| O|  |TAMS 0x0000000080b00000| PB 0x0000000080b00000| Untracked 
|  12|0x0000000080c00000, 0x0000000080d00000, 0x0000000080d00000|100%| O|  |TAMS 0x0000000080c00000| PB 0x0000000080c00000| Untracked 
|  13|0x0000000080d00000, 0x0000000080e00000, 0x0000000080e00000|100%| O|  |TAMS 0x0000000080d00000| PB 0x0000000080d00000| Untracked 
|  14|0x0000000080e00000, 0x0000000080f00000, 0x0000000080f00000|100%| O|  |TAMS 0x0000000080e00000| PB 0x0000000080e00000| Untracked 
|  15|0x0000000080f00000, 0x0000000081000000, 0x0000000081000000|100%| O|  |TAMS 0x0000000080f00000| PB 0x0000000080f00000| Untracked 
|  16|0x0000000081000000, 0x0000000081100000, 0x0000000081100000|100%| O|  |TAMS 0x0000000081000000| PB 0x0000000081000000| Untracked 
|  17|0x0000000081100000, 0x0000000081200000, 0x0000000081200000|100%| O|  |TAMS 0x0000000081100000| PB 0x0000000081100000| Untracked 
|  18|0x0000000081200000, 0x0000000081300000, 0x0000000081300000|100%| O|  |TAMS 0x0000000081200000| PB 0x0000000081200000| Untracked 
|  19|0x0000000081300000, 0x0000000081400000, 0x0000000081400000|100%| O|  |TAMS 0x0000000081300000| PB 0x0000000081300000| Untracked 
|  20|0x0000000081400000, 0x0000000081500000, 0x0000000081500000|100%| O|  |TAMS 0x0000000081400000| PB 0x0000000081400000| Untracked 
|  21|0x0000000081500000, 0x0000000081600000, 0x0000000081600000|100%| O|  |TAMS 0x0000000081500000| PB 0x0000000081500000| Untracked 
|  22|0x0000000081600000, 0x0000000081700000, 0x0000000081700000|100%| O|  |TAMS 0x0000000081600000| PB 0x0000000081600000| Untracked 
|  23|0x0000000081700000, 0x0000000081800000, 0x0000000081800000|100%| O|  |TAMS 0x0000000081700000| PB 0x0000000081700000| Untracked 
|  24|0x0000000081800000, 0x0000000081900000, 0x0000000081900000|100%| O|  |TAMS 0x0000000081800000| PB 0x0000000081800000| Untracked 
|  25|0x0000000081900000, 0x0000000081a00000, 0x0000000081a00000|100%| O|  |TAMS 0x0000000081900000| PB 0x0000000081900000| Untracked 
|  26|0x0000000081a00000, 0x0000000081b00000, 0x0000000081b00000|100%| O|  |TAMS 0x0000000081a00000| PB 0x0000000081a00000| Untracked 
|  27|0x0000000081b00000, 0x0000000081c00000, 0x0000000081c00000|100%| O|  |TAMS 0x0000000081b00000| PB 0x0000000081b00000| Untracked 
|  28|0x0000000081c00000, 0x0000000081d00000, 0x0000000081d00000|100%| O|  |TAMS 0x0000000081c00000| PB 0x0000000081c00000| Untracked 
|  29|0x0000000081d00000, 0x0000000081e00000, 0x0000000081e00000|100%| O|  |TAMS 0x0000000081d00000| PB 0x0000000081d00000| Untracked 
|  30|0x0000000081e00000, 0x0000000081f00000, 0x0000000081f00000|100%| O|  |TAMS 0x0000000081e00000| PB 0x0000000081e00000| Untracked 
|  31|0x0000000081f00000, 0x0000000082000000, 0x0000000082000000|100%| O|  |TAMS 0x0000000081f00000| PB 0x0000000081f00000| Untracked 
|  32|0x0000000082000000, 0x0000000082100000, 0x0000000082100000|100%| O|  |TAMS 0x0000000082000000| PB 0x0000000082000000| Untracked 
|  33|0x0000000082100000, 0x0000000082200000, 0x0000000082200000|100%| O|  |TAMS 0x0000000082100000| PB 0x0000000082100000| Untracked 
|  34|0x0000000082200000, 0x0000000082300000, 0x0000000082300000|100%| O|  |TAMS 0x0000000082200000| PB 0x0000000082200000| Untracked 
|  35|0x0000000082300000, 0x00000000823a8d80, 0x0000000082400000| 65%| O|  |TAMS 0x0000000082300000| PB 0x0000000082300000| Untracked 
|  36|0x0000000082400000, 0x0000000082400000, 0x0000000082500000|  0%| F|  |TAMS 0x0000000082400000| PB 0x0000000082400000| Untracked 
|  37|0x0000000082500000, 0x0000000082500000, 0x0000000082600000|  0%| F|  |TAMS 0x0000000082500000| PB 0x0000000082500000| Untracked 
|  38|0x0000000082600000, 0x0000000082600000, 0x0000000082700000|  0%| F|  |TAMS 0x0000000082600000| PB 0x0000000082600000| Untracked 
|  39|0x0000000082700000, 0x0000000082700000, 0x0000000082800000|  0%| F|  |TAMS 0x0000000082700000| PB 0x0000000082700000| Untracked 
|  40|0x0000000082800000, 0x0000000082800000, 0x0000000082900000|  0%| F|  |TAMS 0x0000000082800000| PB 0x0000000082800000| Untracked 
|  41|0x0000000082900000, 0x0000000082900000, 0x0000000082a00000|  0%| F|  |TAMS 0x0000000082900000| PB 0x0000000082900000| Untracked 
|  42|0x0000000082a00000, 0x0000000082a00000, 0x0000000082b00000|  0%| F|  |TAMS 0x0000000082a00000| PB 0x0000000082a00000| Untracked 
|  43|0x0000000082b00000, 0x0000000082c00000, 0x0000000082c00000|100%| S|CS|TAMS 0x0000000082b00000| PB 0x0000000082b00000| Complete 
|  44|0x0000000082c00000, 0x0000000082d00000, 0x0000000082d00000|100%| S|CS|TAMS 0x0000000082c00000| PB 0x0000000082c00000| Complete 
|  45|0x0000000082d00000, 0x0000000082d00000, 0x0000000082e00000|  0%| F|  |TAMS 0x0000000082d00000| PB 0x0000000082d00000| Untracked 
|  46|0x0000000082e00000, 0x0000000082f00000, 0x0000000082f00000|100%| S|CS|TAMS 0x0000000082e00000| PB 0x0000000082e00000| Complete 
|  47|0x0000000082f00000, 0x0000000083000000, 0x0000000083000000|100%| S|CS|TAMS 0x0000000082f00000| PB 0x0000000082f00000| Complete 
|  48|0x0000000083000000, 0x0000000083100000, 0x0000000083100000|100%| S|CS|TAMS 0x0000000083000000| PB 0x0000000083000000| Complete 
|  49|0x0000000083100000, 0x0000000083200000, 0x0000000083200000|100%| S|CS|TAMS 0x0000000083100000| PB 0x0000000083100000| Complete 
|  50|0x0000000083200000, 0x0000000083200000, 0x0000000083300000|  0%| F|  |TAMS 0x0000000083200000| PB 0x0000000083200000| Untracked 
|  51|0x0000000083300000, 0x0000000083300000, 0x0000000083400000|  0%| F|  |TAMS 0x0000000083300000| PB 0x0000000083300000| Untracked 
|  52|0x0000000083400000, 0x0000000083400000, 0x0000000083500000|  0%| F|  |TAMS 0x0000000083400000| PB 0x0000000083400000| Untracked 
|  53|0x0000000083500000, 0x0000000083500000, 0x0000000083600000|  0%| F|  |TAMS 0x0000000083500000| PB 0x0000000083500000| Untracked 
|  54|0x0000000083600000, 0x0000000083600000, 0x0000000083700000|  0%| F|  |TAMS 0x0000000083600000| PB 0x0000000083600000| Untracked 
|  55|0x0000000083700000, 0x0000000083700000, 0x0000000083800000|  0%| F|  |TAMS 0x0000000083700000| PB 0x0000000083700000| Untracked 
|  56|0x0000000083800000, 0x0000000083886be0, 0x0000000083900000| 52%| E|  |TAMS 0x0000000083800000| PB 0x0000000083800000| Complete 
|  57|0x0000000083900000, 0x0000000083a00000, 0x0000000083a00000|100%| E|CS|TAMS 0x0000000083900000| PB 0x0000000083900000| Complete 
|  58|0x0000000083a00000, 0x0000000083b00000, 0x0000000083b00000|100%| E|CS|TAMS 0x0000000083a00000| PB 0x0000000083a00000| Complete 
|  59|0x0000000083b00000, 0x0000000083c00000, 0x0000000083c00000|100%| E|CS|TAMS 0x0000000083b00000| PB 0x0000000083b00000| Complete 
|  60|0x0000000083c00000, 0x0000000083d00000, 0x0000000083d00000|100%| E|CS|TAMS 0x0000000083c00000| PB 0x0000000083c00000| Complete 
|  61|0x0000000083d00000, 0x0000000083e00000, 0x0000000083e00000|100%| E|  |TAMS 0x0000000083d00000| PB 0x0000000083d00000| Complete 
|  62|0x0000000083e00000, 0x0000000083f00000, 0x0000000083f00000|100%| E|CS|TAMS 0x0000000083e00000| PB 0x0000000083e00000| Complete 
|  63|0x0000000083f00000, 0x0000000084000000, 0x0000000084000000|100%| E|CS|TAMS 0x0000000083f00000| PB 0x0000000083f00000| Complete 
|  64|0x0000000084000000, 0x0000000084100000, 0x0000000084100000|100%| E|CS|TAMS 0x0000000084000000| PB 0x0000000084000000| Complete 
|  65|0x0000000084100000, 0x0000000084200000, 0x0000000084200000|100%| E|CS|TAMS 0x0000000084100000| PB 0x0000000084100000| Complete 
|  66|0x0000000084200000, 0x0000000084300000, 0x0000000084300000|100%| E|CS|TAMS 0x0000000084200000| PB 0x0000000084200000| Complete 
|  67|0x0000000084300000, 0x0000000084400000, 0x0000000084400000|100%| E|CS|TAMS 0x0000000084300000| PB 0x0000000084300000| Complete 
|  68|0x0000000084400000, 0x0000000084500000, 0x0000000084500000|100%| E|CS|TAMS 0x0000000084400000| PB 0x0000000084400000| Complete 
|  69|0x0000000084500000, 0x0000000084600000, 0x0000000084600000|100%| E|CS|TAMS 0x0000000084500000| PB 0x0000000084500000| Complete 
|  70|0x0000000084600000, 0x0000000084700000, 0x0000000084700000|100%| E|CS|TAMS 0x0000000084600000| PB 0x0000000084600000| Complete 
|  71|0x0000000084700000, 0x0000000084800000, 0x0000000084800000|100%| E|CS|TAMS 0x0000000084700000| PB 0x0000000084700000| Complete 
|  72|0x0000000084800000, 0x0000000084900000, 0x0000000084900000|100%| E|CS|TAMS 0x0000000084800000| PB 0x0000000084800000| Complete 
|  73|0x0000000084900000, 0x0000000084a00000, 0x0000000084a00000|100%| E|CS|TAMS 0x0000000084900000| PB 0x0000000084900000| Complete 
|  74|0x0000000084a00000, 0x0000000084b00000, 0x0000000084b00000|100%| E|CS|TAMS 0x0000000084a00000| PB 0x0000000084a00000| Complete 
|  75|0x0000000084b00000, 0x0000000084c00000, 0x0000000084c00000|100%| E|CS|TAMS 0x0000000084b00000| PB 0x0000000084b00000| Complete 
|  76|0x0000000084c00000, 0x0000000084d00000, 0x0000000084d00000|100%| E|CS|TAMS 0x0000000084c00000| PB 0x0000000084c00000| Complete 
|  77|0x0000000084d00000, 0x0000000084e00000, 0x0000000084e00000|100%| E|CS|TAMS 0x0000000084d00000| PB 0x0000000084d00000| Complete 
|  78|0x0000000084e00000, 0x0000000084f00000, 0x0000000084f00000|100%| E|CS|TAMS 0x0000000084e00000| PB 0x0000000084e00000| Complete 
|  79|0x0000000084f00000, 0x0000000085000000, 0x0000000085000000|100%| E|CS|TAMS 0x0000000084f00000| PB 0x0000000084f00000| Complete 
|  80|0x0000000085000000, 0x0000000085100000, 0x0000000085100000|100%| E|CS|TAMS 0x0000000085000000| PB 0x0000000085000000| Complete 
|  81|0x0000000085100000, 0x0000000085200000, 0x0000000085200000|100%| E|CS|TAMS 0x0000000085100000| PB 0x0000000085100000| Complete 
|  82|0x0000000085200000, 0x0000000085300000, 0x0000000085300000|100%| E|CS|TAMS 0x0000000085200000| PB 0x0000000085200000| Complete 
|  83|0x0000000085300000, 0x0000000085400000, 0x0000000085400000|100%| E|CS|TAMS 0x0000000085300000| PB 0x0000000085300000| Complete 
|  84|0x0000000085400000, 0x0000000085500000, 0x0000000085500000|100%| E|CS|TAMS 0x0000000085400000| PB 0x0000000085400000| Complete 
| 117|0x0000000087500000, 0x0000000087600000, 0x0000000087600000|100%| E|CS|TAMS 0x0000000087500000| PB 0x0000000087500000| Complete 

Card table byte_map: [0x000001b5cae50000,0x000001b5cb250000] _byte_map_base: 0x000001b5caa50000

Marking Bits: (CMBitMap*) 0x000001b5b2e68010
 Bits: [0x000001b5cb250000, 0x000001b5cd250000)

Polling page: 0x000001b5b0c80000

Metaspace:

Usage:
  Non-class:     43.09 MB used.
      Class:      7.11 MB used.
       Both:     50.20 MB used.

Virtual space:
  Non-class space:       64.00 MB reserved,      43.94 MB ( 69%) committed,  1 nodes.
      Class space:        1.00 GB reserved,       7.94 MB ( <1%) committed,  1 nodes.
             Both:        1.06 GB reserved,      51.88 MB (  5%) committed. 

Chunk freelists:
   Non-Class:  3.70 MB
       Class:  7.91 MB
        Both:  11.62 MB

MaxMetaspaceSize: unlimited
CompressedClassSpaceSize: 1.00 GB
Initial GC threshold: 21.00 MB
Current GC threshold: 59.50 MB
CDS: on
 - commit_granule_bytes: 65536.
 - commit_granule_words: 8192.
 - virtual_space_node_default_size: 8388608.
 - enlarge_chunks_in_place: 1.
 - use_allocation_guard: 0.


Internal statistics:

num_allocs_failed_limit: 9.
num_arena_births: 3034.
num_arena_deaths: 0.
num_vsnodes_births: 2.
num_vsnodes_deaths: 0.
num_space_committed: 830.
num_space_uncommitted: 0.
num_chunks_returned_to_freelist: 9.
num_chunks_taken_from_freelist: 5498.
num_chunk_merges: 9.
num_chunk_splits: 3539.
num_chunks_enlarged: 2093.
num_inconsistent_stats: 0.

CodeHeap 'non-profiled nmethods': size=120000Kb used=3460Kb max_used=3460Kb free=116539Kb
 bounds [0x000001b5c2fd0000, 0x000001b5c3340000, 0x000001b5ca500000]
CodeHeap 'profiled nmethods': size=120000Kb used=12213Kb max_used=12213Kb free=107786Kb
 bounds [0x000001b5bb500000, 0x000001b5bc0f0000, 0x000001b5c2a30000]
CodeHeap 'non-nmethods': size=5760Kb used=2741Kb max_used=2777Kb free=3018Kb
 bounds [0x000001b5c2a30000, 0x000001b5c2cf0000, 0x000001b5c2fd0000]
 total_blobs=7451 nmethods=6580 adapters=774
 compilation: enabled
              stopped_count=0, restarted_count=0
 full_count=0

Compilation events (20 events):
Event: 8.445 Thread 0x000001b5cfecad70 nmethod 6978 0x000001b5bc0d1e10 code [0x000001b5bc0d2200, 0x000001b5bc0d3e98]
Event: 8.445 Thread 0x000001b5cfecad70 6983       3       org.gradle.tooling.internal.provider.runner.ClientBuildEventGenerator::finished (128 bytes)
Event: 8.446 Thread 0x000001b5cfecad70 nmethod 6983 0x000001b5bc0d4990 code [0x000001b5bc0d4c40, 0x000001b5bc0d5af8]
Event: 8.446 Thread 0x000001b5cfecad70 6980       3       org.gradle.tooling.internal.provider.runner.ClientForwardingBuildOperationListener::toBuildOperationDescriptor (40 bytes)
Event: 8.447 Thread 0x000001b5cfecad70 nmethod 6980 0x000001b5bc0d5e90 code [0x000001b5bc0d6120, 0x000001b5bc0d6e48]
Event: 8.447 Thread 0x000001b5cfecad70 6979       3       org.gradle.internal.operations.DefaultBuildOperationRunner$2::execute (12 bytes)
Event: 8.447 Thread 0x000001b5cfecad70 nmethod 6979 0x000001b5bc0d7310 code [0x000001b5bc0d74c0, 0x000001b5bc0d7610]
Event: 8.447 Thread 0x000001b5cfecad70 6981       3       org.gradle.internal.logging.progress.DefaultProgressLoggerFactory$ProgressLoggerImpl::setDescription (11 bytes)
Event: 8.447 Thread 0x000001b5cfecad70 nmethod 6981 0x000001b5bc0d7710 code [0x000001b5bc0d78c0, 0x000001b5bc0d7a60]
Event: 8.448 Thread 0x000001b5cfecad70 6982       3       org.gradle.internal.logging.services.ProgressLoggingBridge::completed (11 bytes)
Event: 8.448 Thread 0x000001b5cfecad70 nmethod 6982 0x000001b5bc0d7b10 code [0x000001b5bc0d7cc0, 0x000001b5bc0d7e98]
Event: 8.448 Thread 0x000001b5cfecad70 6986       3       org.gradle.cache.internal.filelock.DefaultLockStateSerializer$SequenceNumberLockState::<init> (21 bytes)
Event: 8.448 Thread 0x000001b5cfecad70 nmethod 6986 0x000001b5bc0d7f90 code [0x000001b5bc0d8140, 0x000001b5bc0d82b0]
Event: 8.448 Thread 0x000001b5cfecad70 6984       3       org.gradle.internal.logging.progress.DefaultProgressLoggerFactory$ProgressLoggerImpl::assertRunning (63 bytes)
Event: 8.449 Thread 0x000001b5cfecad70 nmethod 6984 0x000001b5bc0d8390 code [0x000001b5bc0d86e0, 0x000001b5bc0d9c58]
Event: 8.449 Thread 0x000001b5cfecad70 6992       3       org.gradle.internal.snapshot.AbstractIncompleteFileSystemNode$$Lambda/0x000001b5d14fa4b8::get (4 bytes)
Event: 8.449 Thread 0x000001b5cfecad70 nmethod 6992 0x000001b5bc0da310 code [0x000001b5bc0da4c0, 0x000001b5bc0da630]
Event: 8.449 Thread 0x000001b5cfecad70 6989       3       com.google.common.collect.Ordering::natural (4 bytes)
Event: 8.449 Thread 0x000001b5cfecad70 nmethod 6989 0x000001b5bc0da710 code [0x000001b5bc0da8a0, 0x000001b5bc0da998]
Event: 8.449 Thread 0x000001b5cfecad70 6985       3       org.gradle.internal.logging.events.ProgressCompleteEvent::<init> (27 bytes)

GC Heap History (20 events):
Event: 1.152 GC heap before
{Heap before GC invocations=1 (full 0):
 garbage-first heap   total 120832K, used 40496K [0x0000000080000000, 0x0000000100000000)
  region size 1024K, 32 young (32768K), 3 survivors (3072K)
 Metaspace       used 4135K, committed 4288K, reserved 1114112K
  class space    used 495K, committed 576K, reserved 1048576K
}
Event: 1.157 GC heap after
{Heap after GC invocations=2 (full 0):
 garbage-first heap   total 120832K, used 11896K [0x0000000080000000, 0x0000000100000000)
  region size 1024K, 1 young (1024K), 1 survivors (1024K)
 Metaspace       used 4135K, committed 4288K, reserved 1114112K
  class space    used 495K, committed 576K, reserved 1048576K
}
Event: 2.525 GC heap before
{Heap before GC invocations=2 (full 0):
 garbage-first heap   total 120832K, used 82552K [0x0000000080000000, 0x0000000100000000)
  region size 1024K, 70 young (71680K), 1 survivors (1024K)
 Metaspace       used 16218K, committed 16768K, reserved 1114112K
  class space    used 2207K, committed 2432K, reserved 1048576K
}
Event: 2.532 GC heap after
{Heap after GC invocations=3 (full 0):
 garbage-first heap   total 120832K, used 21201K [0x0000000080000000, 0x0000000100000000)
  region size 1024K, 9 young (9216K), 9 survivors (9216K)
 Metaspace       used 16218K, committed 16768K, reserved 1114112K
  class space    used 2207K, committed 2432K, reserved 1048576K
}
Event: 3.280 GC heap before
{Heap before GC invocations=3 (full 0):
 garbage-first heap   total 120832K, used 52945K [0x0000000080000000, 0x0000000100000000)
  region size 1024K, 42 young (43008K), 9 survivors (9216K)
 Metaspace       used 20907K, committed 21504K, reserved 1114112K
  class space    used 2975K, committed 3264K, reserved 1048576K
}
Event: 3.288 GC heap after
{Heap after GC invocations=4 (full 0):
 garbage-first heap   total 120832K, used 24096K [0x0000000080000000, 0x0000000100000000)
  region size 1024K, 3 young (3072K), 3 survivors (3072K)
 Metaspace       used 20907K, committed 21504K, reserved 1114112K
  class space    used 2975K, committed 3264K, reserved 1048576K
}
Event: 4.528 GC heap before
{Heap before GC invocations=5 (full 0):
 garbage-first heap   total 81920K, used 81440K [0x0000000080000000, 0x0000000100000000)
  region size 1024K, 59 young (60416K), 3 survivors (3072K)
 Metaspace       used 28308K, committed 29504K, reserved 1114112K
  class space    used 4193K, committed 4800K, reserved 1048576K
}
Event: 4.533 GC heap after
{Heap after GC invocations=6 (full 0):
 garbage-first heap   total 88064K, used 26863K [0x0000000080000000, 0x0000000100000000)
  region size 1024K, 6 young (6144K), 6 survivors (6144K)
 Metaspace       used 28308K, committed 29504K, reserved 1114112K
  class space    used 4193K, committed 4800K, reserved 1048576K
}
Event: 5.184 GC heap before
{Heap before GC invocations=6 (full 0):
 garbage-first heap   total 88064K, used 57583K [0x0000000080000000, 0x0000000100000000)
  region size 1024K, 38 young (38912K), 6 survivors (6144K)
 Metaspace       used 34869K, committed 36096K, reserved 1114112K
  class space    used 5001K, committed 5632K, reserved 1048576K
}
Event: 5.190 GC heap after
{Heap after GC invocations=7 (full 0):
 garbage-first heap   total 88064K, used 30495K [0x0000000080000000, 0x0000000100000000)
  region size 1024K, 7 young (7168K), 7 survivors (7168K)
 Metaspace       used 34869K, committed 36096K, reserved 1114112K
  class space    used 5001K, committed 5632K, reserved 1048576K
}
Event: 5.211 GC heap before
{Heap before GC invocations=7 (full 0):
 garbage-first heap   total 88064K, used 30495K [0x0000000080000000, 0x0000000100000000)
  region size 1024K, 8 young (8192K), 7 survivors (7168K)
 Metaspace       used 35215K, committed 36416K, reserved 1114112K
  class space    used 5018K, committed 5632K, reserved 1048576K
}
Event: 5.214 GC heap after
{Heap after GC invocations=8 (full 0):
 garbage-first heap   total 88064K, used 31021K [0x0000000080000000, 0x0000000100000000)
  region size 1024K, 2 young (2048K), 2 survivors (2048K)
 Metaspace       used 35215K, committed 36416K, reserved 1114112K
  class space    used 5018K, committed 5632K, reserved 1048576K
}
Event: 5.892 GC heap before
{Heap before GC invocations=9 (full 0):
 garbage-first heap   total 88064K, used 79149K [0x0000000080000000, 0x0000000100000000)
  region size 1024K, 45 young (46080K), 2 survivors (2048K)
 Metaspace       used 38100K, committed 39488K, reserved 1114112K
  class space    used 5334K, committed 6016K, reserved 1048576K
}
Event: 5.896 GC heap after
{Heap after GC invocations=10 (full 0):
 garbage-first heap   total 88064K, used 33804K [0x0000000080000000, 0x0000000100000000)
  region size 1024K, 4 young (4096K), 4 survivors (4096K)
 Metaspace       used 38100K, committed 39488K, reserved 1114112K
  class space    used 5334K, committed 6016K, reserved 1048576K
}
Event: 6.757 GC heap before
{Heap before GC invocations=10 (full 0):
 garbage-first heap   total 88064K, used 75788K [0x0000000080000000, 0x0000000100000000)
  region size 1024K, 45 young (46080K), 4 survivors (4096K)
 Metaspace       used 42388K, committed 43968K, reserved 1114112K
  class space    used 6037K, committed 6848K, reserved 1048576K
}
Event: 6.761 GC heap after
{Heap after GC invocations=11 (full 0):
 garbage-first heap   total 88064K, used 36075K [0x0000000080000000, 0x0000000100000000)
  region size 1024K, 3 young (3072K), 3 survivors (3072K)
 Metaspace       used 42388K, committed 43968K, reserved 1114112K
  class space    used 6037K, committed 6848K, reserved 1048576K
}
Event: 7.434 GC heap before
{Heap before GC invocations=11 (full 0):
 garbage-first heap   total 88064K, used 78059K [0x0000000080000000, 0x0000000100000000)
  region size 1024K, 43 young (44032K), 3 survivors (3072K)
 Metaspace       used 48026K, committed 49664K, reserved 1114112K
  class space    used 6824K, committed 7680K, reserved 1048576K
}
Event: 7.438 GC heap after
{Heap after GC invocations=12 (full 0):
 garbage-first heap   total 88064K, used 38709K [0x0000000080000000, 0x0000000100000000)
  region size 1024K, 6 young (6144K), 6 survivors (6144K)
 Metaspace       used 48026K, committed 49664K, reserved 1114112K
  class space    used 6824K, committed 7680K, reserved 1048576K
}
Event: 8.247 GC heap before
{Heap before GC invocations=12 (full 0):
 garbage-first heap   total 88064K, used 75573K [0x0000000080000000, 0x0000000100000000)
  region size 1024K, 42 young (43008K), 6 survivors (6144K)
 Metaspace       used 50918K, committed 52672K, reserved 1114112K
  class space    used 7228K, committed 8064K, reserved 1048576K
}
Event: 8.252 GC heap after
{Heap after GC invocations=13 (full 0):
 garbage-first heap   total 88064K, used 42659K [0x0000000080000000, 0x0000000100000000)
  region size 1024K, 6 young (6144K), 6 survivors (6144K)
 Metaspace       used 50918K, committed 52672K, reserved 1114112K
  class space    used 7228K, committed 8064K, reserved 1048576K
}

Dll operation events (15 events):
Event: 0.010 Loaded shared library C:\Program Files\Eclipse Adoptium\jdk-21.0.7.6-hotspot\bin\java.dll
Event: 0.043 Loaded shared library C:\Program Files\Eclipse Adoptium\jdk-21.0.7.6-hotspot\bin\jsvml.dll
Event: 0.084 Loaded shared library C:\Program Files\Eclipse Adoptium\jdk-21.0.7.6-hotspot\bin\zip.dll
Event: 0.088 Loaded shared library C:\Program Files\Eclipse Adoptium\jdk-21.0.7.6-hotspot\bin\instrument.dll
Event: 0.091 Loaded shared library C:\Program Files\Eclipse Adoptium\jdk-21.0.7.6-hotspot\bin\net.dll
Event: 0.093 Loaded shared library C:\Program Files\Eclipse Adoptium\jdk-21.0.7.6-hotspot\bin\nio.dll
Event: 0.097 Loaded shared library C:\Program Files\Eclipse Adoptium\jdk-21.0.7.6-hotspot\bin\zip.dll
Event: 0.315 Loaded shared library C:\Program Files\Eclipse Adoptium\jdk-21.0.7.6-hotspot\bin\jimage.dll
Event: 0.383 Loaded shared library C:\Program Files\Eclipse Adoptium\jdk-21.0.7.6-hotspot\bin\verify.dll
Event: 0.559 Loaded shared library C:\Users\Marco\.gradle\native\c067742578af261105cb4f569cf0c3c89f3d7b1fecec35dd04571415982c5e48\windows-amd64\native-platform.dll
Event: 0.563 Loaded shared library C:\Users\Marco\.gradle\native\38dada09dfb8b06ba9b0570ebf7e218e3eb74d4ef43ca46872605cf95ebc2f47\windows-amd64\native-platform-file-events.dll
Event: 1.558 Loaded shared library C:\Program Files\Eclipse Adoptium\jdk-21.0.7.6-hotspot\bin\management.dll
Event: 1.561 Loaded shared library C:\Program Files\Eclipse Adoptium\jdk-21.0.7.6-hotspot\bin\management_ext.dll
Event: 1.729 Loaded shared library C:\Program Files\Eclipse Adoptium\jdk-21.0.7.6-hotspot\bin\extnet.dll
Event: 1.860 Loaded shared library C:\Program Files\Eclipse Adoptium\jdk-21.0.7.6-hotspot\bin\sunmscapi.dll

Deoptimization events (20 events):
Event: 8.242 Thread 0x000001b61524fac0 DEOPT PACKING pc=0x000001b5c3131cec sp=0x00000040513fcaa0
Event: 8.242 Thread 0x000001b61524d9f0 DEOPT PACKING pc=0x000001b5c3131cec sp=0x00000040514fc980
Event: 8.242 Thread 0x000001b61524fac0 DEOPT UNPACKING pc=0x000001b5c2a846a2 sp=0x00000040513fc980 mode 2
Event: 8.242 Thread 0x000001b61524d9f0 DEOPT UNPACKING pc=0x000001b5c2a846a2 sp=0x00000040514fc860 mode 2
Event: 8.263 Thread 0x000001b616ea1670 Uncommon trap: trap_request=0xffffff45 fr.pc=0x000001b5c330bfc0 relative=0x00000000000007e0
Event: 8.263 Thread 0x000001b616ea1670 Uncommon trap: reason=unstable_if action=reinterpret pc=0x000001b5c330bfc0 method=org.gradle.internal.snapshot.VfsRelativePath.isPrefix(Ljava/lang/String;ILjava/lang/String;ILorg/gradle/internal/snapshot/CaseSensitivity;)Z @ 101 c2
Event: 8.263 Thread 0x000001b616ea1670 DEOPT PACKING pc=0x000001b5c330bfc0 sp=0x000000404f0f6870
Event: 8.263 Thread 0x000001b616ea1670 DEOPT UNPACKING pc=0x000001b5c2a846a2 sp=0x000000404f0f67f8 mode 2
Event: 8.366 Thread 0x000001b616ea0fe0 DEOPT PACKING pc=0x000001b5bc00f2fe sp=0x000000404f6fe310
Event: 8.366 Thread 0x000001b616ea0fe0 DEOPT UNPACKING pc=0x000001b5c2a84e42 sp=0x000000404f6fd880 mode 0
Event: 8.379 Thread 0x000001b616ea0fe0 DEOPT PACKING pc=0x000001b5bc00f2fe sp=0x000000404f6fe310
Event: 8.379 Thread 0x000001b616ea0fe0 DEOPT UNPACKING pc=0x000001b5c2a84e42 sp=0x000000404f6fd880 mode 0
Event: 8.391 Thread 0x000001b616ea0fe0 DEOPT PACKING pc=0x000001b5bc00f2fe sp=0x000000404f6fe310
Event: 8.391 Thread 0x000001b616ea0fe0 DEOPT UNPACKING pc=0x000001b5c2a84e42 sp=0x000000404f6fd880 mode 0
Event: 8.402 Thread 0x000001b616ea0fe0 DEOPT PACKING pc=0x000001b5bc00f2fe sp=0x000000404f6fe250
Event: 8.402 Thread 0x000001b616ea0fe0 DEOPT UNPACKING pc=0x000001b5c2a84e42 sp=0x000000404f6fd7c0 mode 0
Event: 8.410 Thread 0x000001b616ea0fe0 DEOPT PACKING pc=0x000001b5bc00f2fe sp=0x000000404f6fe250
Event: 8.410 Thread 0x000001b616ea0fe0 DEOPT UNPACKING pc=0x000001b5c2a84e42 sp=0x000000404f6fd7c0 mode 0
Event: 8.421 Thread 0x000001b616ea0fe0 DEOPT PACKING pc=0x000001b5bc00f2fe sp=0x000000404f6fe250
Event: 8.421 Thread 0x000001b616ea0fe0 DEOPT UNPACKING pc=0x000001b5c2a84e42 sp=0x000000404f6fd7c0 mode 0

Classes loaded (20 events):
Event: 7.601 Loading class java/io/ObjectInputFilter$Config$BuiltinFilterFactory
Event: 7.601 Loading class java/io/ObjectInputFilter$Config$BuiltinFilterFactory done
Event: 7.601 Loading class jdk/internal/access/JavaObjectInputFilterAccess
Event: 7.601 Loading class jdk/internal/access/JavaObjectInputFilterAccess done
Event: 7.602 Loading class java/lang/System$Logger$Level
Event: 7.602 Loading class java/lang/System$Logger$Level done
Event: 7.602 Loading class jdk/internal/event/DeserializationEvent
Event: 7.602 Loading class jdk/internal/event/DeserializationEvent done
Event: 7.603 Loading class java/io/ObjectInputStream$FieldValues
Event: 7.603 Loading class java/io/ObjectInputStream$GetField
Event: 7.603 Loading class java/io/ObjectInputStream$GetField done
Event: 7.603 Loading class java/io/ObjectInputStream$FieldValues done
Event: 7.608 Loading class sun/reflect/ReflectionFactory
Event: 7.608 Loading class sun/reflect/ReflectionFactory done
Event: 7.608 Loading class sun/reflect/ReflectionFactory$1
Event: 7.608 Loading class sun/reflect/ReflectionFactory$1 done
Event: 7.993 Loading class java/util/Collections$ReverseComparator
Event: 7.993 Loading class java/util/Collections$ReverseComparator done
Event: 7.993 Loading class java/util/Collections$ReverseComparator2
Event: 7.994 Loading class java/util/Collections$ReverseComparator2 done

Classes unloaded (0 events):
No events

Classes redefined (0 events):
No events

Internal exceptions (20 events):
Event: 7.421 Thread 0x000001b616ea1670 Exception <a 'java/lang/NoSuchMethodError'{0x0000000082fd5870}: 'java.lang.Object java.lang.invoke.DelegatingMethodHandle$Holder.reinvoke_L(java.lang.Object, java.lang.Object, java.lang.Object, java.lang.Object, java.lang.Object, java.lang.Object, java.lang.Object, java.lang.Object, java.lang.Object, java.lang.Object, java.lang.Object, java.lang.Object, java.lang.Object, java.lang.Object, java.lang.Object, java.lang.Object, java.lang.Object)'> (0x0000000082fd5870) 
thrown [s\src\hotspot\share\interpreter\l
Event: 7.427 Thread 0x000001b616ea1670 Exception <a 'java/lang/NoSuchMethodError'{0x0000000082e60520}: 'void java.lang.invoke.DirectMethodHandle$Holder.invokeStatic(java.lang.Object, java.lang.Object, java.lang.Object, java.lang.Object, java.lang.Object, java.lang.Object)'> (0x0000000082e60520) 
thrown [s\src\hotspot\share\interpreter\linkResolver.cpp, line 773]
Event: 7.451 Thread 0x000001b616ea1670 Exception <a 'java/lang/NoSuchMethodError'{0x00000000875529e8}: 'java.lang.Object java.lang.invoke.Invokers$Holder.invoker(java.lang.Object, java.lang.Object, java.lang.Object, java.lang.Object, java.lang.Object, java.lang.Object, java.lang.Object, java.lang.Object, java.lang.Object, java.lang.Object, java.lang.Object, java.lang.Object, java.lang.Object, java.lang.Object, java.lang.Object, java.lang.Object, java.lang.Object, java.lang.Object, java.lang.Object, java.lang.Object, java.lang.Object, java.lang.
Event: 7.451 Thread 0x000001b616ea1670 Exception <a 'java/lang/NoSuchMethodError'{0x0000000087559258}: 'java.lang.Object java.lang.invoke.DelegatingMethodHandle$Holder.delegate(java.lang.Object, java.lang.Object, java.lang.Object, java.lang.Object, java.lang.Object, java.lang.Object, java.lang.Object, java.lang.Object, java.lang.Object, java.lang.Object, java.lang.Object, java.lang.Object, java.lang.Object, java.lang.Object, java.lang.Object, java.lang.Object, java.lang.Object, java.lang.Object, java.lang.Object, java.lang.Object, java.lang.Obj
Event: 7.572 Thread 0x000001b616ea1670 Exception <a 'java/lang/NoSuchMethodError'{0x0000000084f13620}: static Lorg/gradle/api/internal/catalog/DefaultVersionCatalog;.<clinit>()V> (0x0000000084f13620) 
thrown [s\src\hotspot\share\prims\jni.cpp, line 1111]
Event: 7.577 Thread 0x000001b616ea1670 Exception <a 'java/lang/NoSuchMethodError'{0x0000000084f642b0}: static [Ljava/lang/Object;.<clinit>()V> (0x0000000084f642b0) 
thrown [s\src\hotspot\share\prims\jni.cpp, line 1111]
Event: 7.578 Thread 0x000001b616ea1670 Exception <a 'java/lang/NoSuchMethodError'{0x0000000084f89c30}: static Lorg/gradle/api/internal/catalog/DependencyModel;.<clinit>()V> (0x0000000084f89c30) 
thrown [s\src\hotspot\share\prims\jni.cpp, line 1111]
Event: 7.578 Thread 0x000001b616ea1670 Exception <a 'java/lang/NoSuchMethodError'{0x0000000084f8d918}: static Lorg/gradle/api/internal/catalog/AbstractContextAwareModel;.<clinit>()V> (0x0000000084f8d918) 
thrown [s\src\hotspot\share\prims\jni.cpp, line 1111]
Event: 7.582 Thread 0x000001b616ea1670 Exception <a 'java/lang/NoSuchMethodError'{0x0000000084fa70e0}: static Lorg/gradle/api/internal/artifacts/dependencies/AbstractVersionConstraint;.<clinit>()V> (0x0000000084fa70e0) 
thrown [s\src\hotspot\share\prims\jni.cpp, line 1111]
Event: 7.592 Thread 0x000001b616ea1670 Exception <a 'java/lang/NoSuchMethodError'{0x0000000084e55fb0}: static Lorg/gradle/api/internal/catalog/PluginModel;.<clinit>()V> (0x0000000084e55fb0) 
thrown [s\src\hotspot\share\prims\jni.cpp, line 1111]
Event: 7.593 Thread 0x000001b616ea1670 Exception <a 'java/lang/NoSuchMethodError'{0x0000000084e6b4d8}: static Lorg/gradle/api/internal/catalog/VersionModel;.<clinit>()V> (0x0000000084e6b4d8) 
thrown [s\src\hotspot\share\prims\jni.cpp, line 1111]
Event: 7.596 Thread 0x000001b616ea1670 Exception <a 'java/lang/NoSuchMethodError'{0x0000000084e8ce28}: 'void java.lang.invoke.DirectMethodHandle$Holder.invokeSpecial(java.lang.Object, java.lang.Object, java.lang.Object, int)'> (0x0000000084e8ce28) 
thrown [s\src\hotspot\share\interpreter\linkResolver.cpp, line 773]
Event: 7.677 Thread 0x000001b616ea1670 Exception <a 'java/lang/NoSuchMethodError'{0x0000000084a16548}: 'int java.lang.invoke.DirectMethodHandle$Holder.invokeSpecialIFC(java.lang.Object, java.lang.Object, java.lang.Object)'> (0x0000000084a16548) 
thrown [s\src\hotspot\share\interpreter\linkResolver.cpp, line 773]
Event: 7.725 Thread 0x000001b616ea1670 Exception <a 'java/lang/NoSuchMethodError'{0x00000000847762a8}: 'java.lang.Object java.lang.invoke.DirectMethodHandle$Holder.newInvokeSpecial(java.lang.Object, java.lang.Object, java.lang.Object, java.lang.Object, java.lang.Object, int)'> (0x00000000847762a8) 
thrown [s\src\hotspot\share\interpreter\linkResolver.cpp, line 773]
Event: 7.725 Thread 0x000001b616ea1670 Exception <a 'java/lang/NoSuchMethodError'{0x000000008477b490}: 'java.lang.Object java.lang.invoke.DirectMethodHandle$Holder.invokeSpecial(java.lang.Object, java.lang.Object, java.lang.Object, java.lang.Object, java.lang.Object, java.lang.Object, int)'> (0x000000008477b490) 
thrown [s\src\hotspot\share\interpreter\linkResolver.cpp, line 773]
Event: 7.726 Thread 0x000001b616ea1670 Exception <a 'java/lang/NoSuchMethodError'{0x0000000084780208}: 'java.lang.Object java.lang.invoke.Invokers$Holder.linkToTargetMethod(java.lang.Object, java.lang.Object, java.lang.Object, java.lang.Object, int, java.lang.Object)'> (0x0000000084780208) 
thrown [s\src\hotspot\share\interpreter\linkResolver.cpp, line 773]
Event: 7.729 Thread 0x000001b616ea1670 Exception <a 'java/lang/NoSuchMethodError'{0x00000000847acd10}: 'java.lang.Object java.lang.invoke.DirectMethodHandle$Holder.invokeSpecial(java.lang.Object, java.lang.Object, java.lang.Object, java.lang.Object, java.lang.Object, long)'> (0x00000000847acd10) 
thrown [s\src\hotspot\share\interpreter\linkResolver.cpp, line 773]
Event: 7.731 Thread 0x000001b616ea1670 Exception <a 'java/lang/NoSuchMethodError'{0x00000000847ccf50}: 'void java.lang.invoke.DirectMethodHandle$Holder.invokeStatic(java.lang.Object, java.lang.Object, java.lang.Object, int, java.lang.Object)'> (0x00000000847ccf50) 
thrown [s\src\hotspot\share\interpreter\linkResolver.cpp, line 773]
Event: 8.202 Thread 0x000001b616ea1670 Exception <a 'java/lang/NoSuchMethodError'{0x00000000836bf360}: 'java.lang.Object java.lang.invoke.DirectMethodHandle$Holder.newInvokeSpecial(java.lang.Object, java.lang.Object, java.lang.Object, java.lang.Object, int, java.lang.Object)'> (0x00000000836bf360) 
thrown [s\src\hotspot\share\interpreter\linkResolver.cpp, line 773]
Event: 8.202 Thread 0x000001b616ea1670 Exception <a 'java/lang/NoSuchMethodError'{0x00000000836c43f8}: 'java.lang.Object java.lang.invoke.Invokers$Holder.linkToTargetMethod(java.lang.Object, java.lang.Object, java.lang.Object, int, java.lang.Object, java.lang.Object)'> (0x00000000836c43f8) 
thrown [s\src\hotspot\share\interpreter\linkResolver.cpp, line 773]

ZGC Phase Switch (0 events):
No events

VM Operations (20 events):
Event: 6.556 Executing VM operation: HandshakeAllThreads (Deoptimize)
Event: 6.556 Executing VM operation: HandshakeAllThreads (Deoptimize) done
Event: 6.671 Executing VM operation: ICBufferFull
Event: 6.671 Executing VM operation: ICBufferFull done
Event: 6.757 Executing VM operation: G1CollectForAllocation (G1 Evacuation Pause)
Event: 6.761 Executing VM operation: G1CollectForAllocation (G1 Evacuation Pause) done
Event: 7.094 Executing VM operation: HandshakeAllThreads (Deoptimize)
Event: 7.094 Executing VM operation: HandshakeAllThreads (Deoptimize) done
Event: 7.121 Executing VM operation: ICBufferFull
Event: 7.121 Executing VM operation: ICBufferFull done
Event: 7.434 Executing VM operation: G1CollectForAllocation (G1 Evacuation Pause)
Event: 7.438 Executing VM operation: G1CollectForAllocation (G1 Evacuation Pause) done
Event: 7.855 Executing VM operation: ICBufferFull
Event: 7.855 Executing VM operation: ICBufferFull done
Event: 8.052 Executing VM operation: HandshakeAllThreads (Deoptimize)
Event: 8.052 Executing VM operation: HandshakeAllThreads (Deoptimize) done
Event: 8.095 Executing VM operation: ICBufferFull
Event: 8.095 Executing VM operation: ICBufferFull done
Event: 8.246 Executing VM operation: G1CollectForAllocation (G1 Evacuation Pause)
Event: 8.252 Executing VM operation: G1CollectForAllocation (G1 Evacuation Pause) done

Memory protections (0 events):
No events

Nmethod flushes (20 events):
Event: 5.230 Thread 0x000001b5cfe87900 flushing  nmethod 0x000001b5bb647490
Event: 5.230 Thread 0x000001b5cfe87900 flushing  nmethod 0x000001b5bb677210
Event: 5.230 Thread 0x000001b5cfe87900 flushing  nmethod 0x000001b5bb6bf710
Event: 5.230 Thread 0x000001b5cfe87900 flushing  nmethod 0x000001b5bb6c9a90
Event: 5.230 Thread 0x000001b5cfe87900 flushing  nmethod 0x000001b5bb6cb490
Event: 5.230 Thread 0x000001b5cfe87900 flushing  nmethod 0x000001b5bb71d090
Event: 5.230 Thread 0x000001b5cfe87900 flushing  nmethod 0x000001b5bb71d410
Event: 5.230 Thread 0x000001b5cfe87900 flushing  nmethod 0x000001b5bb71e290
Event: 5.230 Thread 0x000001b5cfe87900 flushing  nmethod 0x000001b5bb72e690
Event: 5.230 Thread 0x000001b5cfe87900 flushing  nmethod 0x000001b5bb7d9c90
Event: 5.230 Thread 0x000001b5cfe87900 flushing  nmethod 0x000001b5bb7df890
Event: 5.230 Thread 0x000001b5cfe87900 flushing  nmethod 0x000001b5bb7e0610
Event: 5.230 Thread 0x000001b5cfe87900 flushing  nmethod 0x000001b5bb81d590
Event: 5.230 Thread 0x000001b5cfe87900 flushing  nmethod 0x000001b5bb847090
Event: 5.230 Thread 0x000001b5cfe87900 flushing  nmethod 0x000001b5bb891490
Event: 5.230 Thread 0x000001b5cfe87900 flushing  nmethod 0x000001b5bb8d1410
Event: 5.230 Thread 0x000001b5cfe87900 flushing  nmethod 0x000001b5bb8d1910
Event: 5.230 Thread 0x000001b5cfe87900 flushing  nmethod 0x000001b5bb8d4710
Event: 5.230 Thread 0x000001b5cfe87900 flushing  nmethod 0x000001b5bb94f690
Event: 5.230 Thread 0x000001b5cfe87900 flushing  nmethod 0x000001b5bb97e090

Events (20 events):
Event: 8.105 Thread 0x000001b616ea1670 Thread added: 0x000001b61796cb00
Event: 8.105 Thread 0x000001b616ea1670 Thread added: 0x000001b61796bde0
Event: 8.105 Thread 0x000001b616ea1670 Thread added: 0x000001b61796c470
Event: 8.105 Thread 0x000001b616ea1670 Thread added: 0x000001b617969680
Event: 8.106 Thread 0x000001b616ea1670 Thread added: 0x000001b61796d190
Event: 8.106 Thread 0x000001b616ea1670 Thread added: 0x000001b61796deb0
Event: 8.106 Thread 0x000001b616ea1670 Thread added: 0x000001b61796e540
Event: 8.106 Thread 0x000001b616ea1670 Thread added: 0x000001b61796d820
Event: 8.106 Thread 0x000001b616ea1670 Thread added: 0x000001b61796b0c0
Event: 8.223 Thread 0x000001b616ea1670 Thread added: 0x000001b61524e080
Event: 8.226 Thread 0x000001b616ea1670 Thread added: 0x000001b61524fac0
Event: 8.228 Thread 0x000001b616ea1670 Thread added: 0x000001b61524d9f0
Event: 8.230 Thread 0x000001b616ea1670 Thread added: 0x000001b61524e710
Event: 8.232 Thread 0x000001b616ea1670 Thread added: 0x000001b61524d360
Event: 8.233 Thread 0x000001b616ea1670 Thread added: 0x000001b61524ccd0
Event: 8.237 Thread 0x000001b616ea1670 Thread added: 0x000001b615250150
Event: 8.240 Thread 0x000001b616ea1670 Thread added: 0x000001b615251b90
Event: 8.243 Thread 0x000001b616ea1670 Thread added: 0x000001b6152507e0
Event: 8.246 Thread 0x000001b616ea1670 Thread added: 0x000001b615250e70
Event: 8.256 Thread 0x000001b616ea1670 Thread added: 0x000001b615251500


Dynamic libraries:
0x00007ff72d990000 - 0x00007ff72d99e000 	C:\Program Files\Eclipse Adoptium\jdk-21.0.7.6-hotspot\bin\java.exe
0x00007ffec3180000 - 0x00007ffec33e7000 	C:\WINDOWS\SYSTEM32\ntdll.dll
0x00007ffec1cb0000 - 0x00007ffec1d79000 	C:\WINDOWS\System32\KERNEL32.DLL
0x00007ffec0350000 - 0x00007ffec0740000 	C:\WINDOWS\System32\KERNELBASE.dll
0x00007ffec0d00000 - 0x00007ffec0e4b000 	C:\WINDOWS\System32\ucrtbase.dll
0x00007ffebb260000 - 0x00007ffebb27e000 	C:\Program Files\Eclipse Adoptium\jdk-21.0.7.6-hotspot\bin\VCRUNTIME140.dll
0x00007ffebb240000 - 0x00007ffebb258000 	C:\Program Files\Eclipse Adoptium\jdk-21.0.7.6-hotspot\bin\jli.dll
0x00007ffec2ee0000 - 0x00007ffec30a5000 	C:\WINDOWS\System32\USER32.dll
0x00007ffea8820000 - 0x00007ffea8aba000 	C:\WINDOWS\WinSxS\amd64_microsoft.windows.common-controls_6595b64144ccf1df_6.0.26100.4768_none_3e0c112ce331287c\COMCTL32.dll
0x00007ffec0cd0000 - 0x00007ffec0cf7000 	C:\WINDOWS\System32\win32u.dll
0x00007ffec1f60000 - 0x00007ffec2009000 	C:\WINDOWS\System32\msvcrt.dll
0x00007ffec1500000 - 0x00007ffec152b000 	C:\WINDOWS\System32\GDI32.dll
0x00007ffec0960000 - 0x00007ffec0a98000 	C:\WINDOWS\System32\gdi32full.dll
0x00007ffec0aa0000 - 0x00007ffec0b43000 	C:\WINDOWS\System32\msvcp_win.dll
0x00007ffec1d80000 - 0x00007ffec1daf000 	C:\WINDOWS\System32\IMM32.DLL
0x00007ffebb1f0000 - 0x00007ffebb1fc000 	C:\Program Files\Eclipse Adoptium\jdk-21.0.7.6-hotspot\bin\vcruntime140_1.dll
0x00007ffea1f70000 - 0x00007ffea1ffd000 	C:\Program Files\Eclipse Adoptium\jdk-21.0.7.6-hotspot\bin\msvcp140.dll
0x00007ffe43120000 - 0x00007ffe43eb0000 	C:\Program Files\Eclipse Adoptium\jdk-21.0.7.6-hotspot\bin\server\jvm.dll
0x00007ffec1630000 - 0x00007ffec16e4000 	C:\WINDOWS\System32\ADVAPI32.dll
0x00007ffec1140000 - 0x00007ffec11e6000 	C:\WINDOWS\System32\sechost.dll
0x00007ffec1b90000 - 0x00007ffec1ca8000 	C:\WINDOWS\System32\RPCRT4.dll
0x00007ffec1e40000 - 0x00007ffec1eb4000 	C:\WINDOWS\System32\WS2_32.dll
0x00007ffec0060000 - 0x00007ffec00be000 	C:\WINDOWS\SYSTEM32\POWRPROF.dll
0x00007ffeb8df0000 - 0x00007ffeb8e25000 	C:\WINDOWS\SYSTEM32\WINMM.dll
0x00007ffebd470000 - 0x00007ffebd47b000 	C:\WINDOWS\SYSTEM32\VERSION.dll
0x00007ffebff50000 - 0x00007ffebff64000 	C:\WINDOWS\SYSTEM32\UMPDC.dll
0x00007ffebf030000 - 0x00007ffebf04b000 	C:\WINDOWS\SYSTEM32\kernel.appcore.dll
0x00007ffebb1e0000 - 0x00007ffebb1ea000 	C:\Program Files\Eclipse Adoptium\jdk-21.0.7.6-hotspot\bin\jimage.dll
0x00007ffeb9d30000 - 0x00007ffeb9f71000 	C:\WINDOWS\SYSTEM32\DBGHELP.DLL
0x00007ffec1700000 - 0x00007ffec1a85000 	C:\WINDOWS\System32\combase.dll
0x00007ffec11f0000 - 0x00007ffec12d0000 	C:\WINDOWS\System32\OLEAUT32.dll
0x00007ffea5b20000 - 0x00007ffea5b63000 	C:\WINDOWS\SYSTEM32\dbgcore.DLL
0x00007ffec02b0000 - 0x00007ffec0349000 	C:\WINDOWS\System32\bcryptPrimitives.dll
0x00007ffeb39e0000 - 0x00007ffeb39ef000 	C:\Program Files\Eclipse Adoptium\jdk-21.0.7.6-hotspot\bin\instrument.dll
0x00007ffeb39c0000 - 0x00007ffeb39df000 	C:\Program Files\Eclipse Adoptium\jdk-21.0.7.6-hotspot\bin\java.dll
0x00007ffec2010000 - 0x00007ffec275d000 	C:\WINDOWS\System32\SHELL32.dll
0x00007ffec0750000 - 0x00007ffec08c3000 	C:\WINDOWS\System32\wintypes.dll
0x00007ffebde90000 - 0x00007ffebe6f0000 	C:\WINDOWS\SYSTEM32\windows.storage.dll
0x00007ffec1530000 - 0x00007ffec1625000 	C:\WINDOWS\System32\SHCORE.dll
0x00007ffec0f10000 - 0x00007ffec0f7a000 	C:\WINDOWS\System32\shlwapi.dll
0x00007ffec01d0000 - 0x00007ffec01f9000 	C:\WINDOWS\SYSTEM32\profapi.dll
0x00007ffe92a80000 - 0x00007ffe92b57000 	C:\Program Files\Eclipse Adoptium\jdk-21.0.7.6-hotspot\bin\jsvml.dll
0x00007ffea2090000 - 0x00007ffea20a8000 	C:\Program Files\Eclipse Adoptium\jdk-21.0.7.6-hotspot\bin\zip.dll
0x00007ffeb38e0000 - 0x00007ffeb38f0000 	C:\Program Files\Eclipse Adoptium\jdk-21.0.7.6-hotspot\bin\net.dll
0x00007ffeb5bf0000 - 0x00007ffeb5d0e000 	C:\WINDOWS\SYSTEM32\WINHTTP.dll
0x00007ffebf5c0000 - 0x00007ffebf62b000 	C:\WINDOWS\system32\mswsock.dll
0x00007ffea2070000 - 0x00007ffea2086000 	C:\Program Files\Eclipse Adoptium\jdk-21.0.7.6-hotspot\bin\nio.dll
0x00007ffeaa470000 - 0x00007ffeaa480000 	C:\Program Files\Eclipse Adoptium\jdk-21.0.7.6-hotspot\bin\verify.dll
0x00007ffe91cd0000 - 0x00007ffe91cf7000 	C:\Users\Marco\.gradle\native\c067742578af261105cb4f569cf0c3c89f3d7b1fecec35dd04571415982c5e48\windows-amd64\native-platform.dll
0x00007ffe279f0000 - 0x00007ffe27b34000 	C:\Users\Marco\.gradle\native\38dada09dfb8b06ba9b0570ebf7e218e3eb74d4ef43ca46872605cf95ebc2f47\windows-amd64\native-platform-file-events.dll
0x00007ffeaa440000 - 0x00007ffeaa44a000 	C:\Program Files\Eclipse Adoptium\jdk-21.0.7.6-hotspot\bin\management.dll
0x00007ffeaa3e0000 - 0x00007ffeaa3eb000 	C:\Program Files\Eclipse Adoptium\jdk-21.0.7.6-hotspot\bin\management_ext.dll
0x00007ffec2ce0000 - 0x00007ffec2ce8000 	C:\WINDOWS\System32\PSAPI.DLL
0x00007ffebf880000 - 0x00007ffebf89b000 	C:\WINDOWS\SYSTEM32\CRYPTSP.dll
0x00007ffebef90000 - 0x00007ffebefcb000 	C:\WINDOWS\system32\rsaenh.dll
0x00007ffebf660000 - 0x00007ffebf68b000 	C:\WINDOWS\SYSTEM32\USERENV.dll
0x00007ffec01a0000 - 0x00007ffec01c6000 	C:\WINDOWS\SYSTEM32\bcrypt.dll
0x00007ffebf8a0000 - 0x00007ffebf8ac000 	C:\WINDOWS\SYSTEM32\CRYPTBASE.dll
0x00007ffebead0000 - 0x00007ffebeb03000 	C:\WINDOWS\SYSTEM32\IPHLPAPI.DLL
0x00007ffec2c50000 - 0x00007ffec2c5a000 	C:\WINDOWS\System32\NSI.dll
0x00007ffe99530000 - 0x00007ffe99539000 	C:\Program Files\Eclipse Adoptium\jdk-21.0.7.6-hotspot\bin\extnet.dll
0x00007ffe970e0000 - 0x00007ffe970ee000 	C:\Program Files\Eclipse Adoptium\jdk-21.0.7.6-hotspot\bin\sunmscapi.dll
0x00007ffec0b50000 - 0x00007ffec0cc7000 	C:\WINDOWS\System32\CRYPT32.dll
0x00007ffebfaa0000 - 0x00007ffebfad0000 	C:\WINDOWS\SYSTEM32\ncrypt.dll
0x00007ffebfa50000 - 0x00007ffebfa8f000 	C:\WINDOWS\SYSTEM32\NTASN1.dll
0x00007ffe47130000 - 0x00007ffe47138000 	C:\WINDOWS\system32\wshunix.dll

dbghelp: loaded successfully - version: 4.0.5 - missing functions: none
symbol engine: initialized successfully - sym options: 0x614 - pdb path: .;C:\Program Files\Eclipse Adoptium\jdk-21.0.7.6-hotspot\bin;C:\WINDOWS\SYSTEM32;C:\WINDOWS\WinSxS\amd64_microsoft.windows.common-controls_6595b64144ccf1df_6.0.26100.4768_none_3e0c112ce331287c;C:\Program Files\Eclipse Adoptium\jdk-21.0.7.6-hotspot\bin\server;C:\Users\Marco\.gradle\native\c067742578af261105cb4f569cf0c3c89f3d7b1fecec35dd04571415982c5e48\windows-amd64;C:\Users\Marco\.gradle\native\38dada09dfb8b06ba9b0570ebf7e218e3eb74d4ef43ca46872605cf95ebc2f47\windows-amd64

VM Arguments:
jvm_args: --add-opens=java.base/java.util=ALL-UNNAMED --add-opens=java.base/java.lang=ALL-UNNAMED --add-opens=java.base/java.lang.invoke=ALL-UNNAMED --add-opens=java.prefs/java.util.prefs=ALL-UNNAMED --add-opens=java.base/java.nio.charset=ALL-UNNAMED --add-opens=java.base/java.net=ALL-UNNAMED --add-opens=java.base/java.util.concurrent.atomic=ALL-UNNAMED -Xmx2048m -Dfile.encoding=UTF-8 -Duser.country=IT -Duser.language=it -Duser.variant -javaagent:C:\Users\Marco\.gradle\wrapper\dists\gradle-8.7-bin\bhs2wmbdwecv87pi65oeuq5iu\gradle-8.7\lib\agents\gradle-instrumentation-agent-8.7.jar 
java_command: org.gradle.launcher.daemon.bootstrap.GradleDaemon 8.7
java_class_path (initial): C:\Users\Marco\.gradle\wrapper\dists\gradle-8.7-bin\bhs2wmbdwecv87pi65oeuq5iu\gradle-8.7\lib\gradle-launcher-8.7.jar
Launcher Type: SUN_STANDARD

[Global flags]
     intx CICompilerCount                          = 4                                         {product} {ergonomic}
     uint ConcGCThreads                            = 3                                         {product} {ergonomic}
     uint G1ConcRefinementThreads                  = 10                                        {product} {ergonomic}
   size_t G1HeapRegionSize                         = 1048576                                   {product} {ergonomic}
    uintx GCDrainStackTargetSize                   = 64                                        {product} {ergonomic}
   size_t InitialHeapSize                          = 123731968                                 {product} {ergonomic}
   size_t MarkStackSize                            = 4194304                                   {product} {ergonomic}
   size_t MaxHeapSize                              = 2147483648                                {product} {command line}
   size_t MaxNewSize                               = 1287651328                                {product} {ergonomic}
   size_t MinHeapDeltaBytes                        = 1048576                                   {product} {ergonomic}
   size_t MinHeapSize                              = 8388608                                   {product} {ergonomic}
    uintx NonNMethodCodeHeapSize                   = 5839372                                {pd product} {ergonomic}
    uintx NonProfiledCodeHeapSize                  = 122909434                              {pd product} {ergonomic}
    uintx ProfiledCodeHeapSize                     = 122909434                              {pd product} {ergonomic}
    uintx ReservedCodeCacheSize                    = 251658240                              {pd product} {ergonomic}
     bool SegmentedCodeCache                       = true                                      {product} {ergonomic}
   size_t SoftMaxHeapSize                          = 2147483648                             {manageable} {ergonomic}
     bool UseCompressedOops                        = true                           {product lp64_product} {ergonomic}
     bool UseG1GC                                  = true                                      {product} {ergonomic}
     bool UseLargePagesIndividualAllocation        = false                                  {pd product} {ergonomic}

Logging:
Log output configuration:
 #0: stdout all=warning uptime,level,tags foldmultilines=false
 #1: stderr all=off uptime,level,tags foldmultilines=false

Environment Variables:
PATH=C:\Program Files\Eclipse Adoptium\jdk-21.0.7.6-hotspot\bin;C:\Program Files\Python310\Scripts\;C:\Program Files\Python310\;C:\Program Files\Common Files\Oracle\Java\javapath;C:\Program Files\OpenLogic\jdk-8.0.402.06-hotspot\bin;C:\WINDOWS\system32;C:\WINDOWS;C:\WINDOWS\System32\Wbem;C:\WINDOWS\System32\WindowsPowerShell\v1.0\;C:\WINDOWS\System32\OpenSSH\;C:\Program Files\dotnet\;C:\Program Files (x86)\NoteBook FanControl\;C:\Program Files\MATLAB\R2023b\bin;C:\Program Files\PuTTY\;C:\Program Files\Git\cmd;C:\Program Files (x86)\Windows Kits\10\Windows Performance Toolkit\;C:\Users\Marco\AppData\Roaming\Python\Python310\Scripts\;C:\Program Files\PowerShell\7\;C:\Users\Marco\AppData\Local\UniGetUI\Chocolatey\bin;C:\Users\Marco\AppData\Local\Microsoft\WindowsApps;C:\Users\Marco\AppData\Local\Programs\Microsoft VS Code\bin;C:\msys64\ucrt64\bin;C:\Users\Marco\.dotnet\tools;C:\Users\Marco\AppData\Local\Microsoft\WindowsApps;
USERNAME=Marco
OS=Windows_NT
PROCESSOR_IDENTIFIER=AMD64 Family 25 Model 80 Stepping 0, AuthenticAMD
TMP=C:\Users\Marco\AppData\Local\Temp
TEMP=C:\Users\Marco\AppData\Local\Temp




Periodic native trim disabled

---------------  S Y S T E M  ---------------

OS:
 Windows 11 , 64 bit Build 26100 (10.0.26100.4768)
OS uptime: 0 days 1:32 hours
Hyper-V role detected

CPU: total 12 (initial active 12) (12 cores per cpu, 2 threads per core) family 25 model 80 stepping 0 microcode 0xa500011, cx8, cmov, fxsr, ht, mmx, 3dnowpref, sse, sse2, sse3, ssse3, sse4a, sse4.1, sse4.2, popcnt, lzcnt, tsc, tscinvbit, avx, avx2, aes, erms, clmul, bmi1, bmi2, adx, sha, fma, vzeroupper, clflush, clflushopt, hv, rdtscp, rdpid, fsrm, f16c, cet_ss
Processor Information for processor 0
  Max Mhz: 2301, Current Mhz: 2010, Mhz Limit: 2301
Processor Information for processor 1
  Max Mhz: 2301, Current Mhz: 2301, Mhz Limit: 2301
Processor Information for processor 2
  Max Mhz: 2301, Current Mhz: 2301, Mhz Limit: 2301
Processor Information for processor 3
  Max Mhz: 2301, Current Mhz: 2301, Mhz Limit: 2301
Processor Information for processor 4
  Max Mhz: 2301, Current Mhz: 2301, Mhz Limit: 2301
Processor Information for processor 5
  Max Mhz: 2301, Current Mhz: 2301, Mhz Limit: 2301
Processor Information for processor 6
  Max Mhz: 2301, Current Mhz: 2301, Mhz Limit: 2301
Processor Information for processor 7
  Max Mhz: 2301, Current Mhz: 2010, Mhz Limit: 2301
Processor Information for processor 8
  Max Mhz: 2301, Current Mhz: 2301, Mhz Limit: 2301
Processor Information for processor 9
  Max Mhz: 2301, Current Mhz: 2010, Mhz Limit: 2301
Processor Information for processor 10
  Max Mhz: 2301, Current Mhz: 2301, Mhz Limit: 2301
Processor Information for processor 11
  Max Mhz: 2301, Current Mhz: 2301, Mhz Limit: 2301

Memory: 4k page, system-wide physical 7520M (450M free)
TotalPageFile size 31072M (AvailPageFile size 3M)
current process WorkingSet (physical memory assigned to process): 265M, peak: 265M
current process commit charge ("private bytes"): 307M, peak: 325M

vm_info: OpenJDK 64-Bit Server VM (21.0.7+6-LTS) for windows-amd64 JRE (21.0.7+6-LTS), built on 2025-04-15T00:00:00Z by "admin" with MS VC++ 17.7 (VS2022)

END.
